Using pre-set license
Built from '2020.3/release' branch; Version is '2020.3.1f1 (77a89f25062f) revision 7841951'; Using compiler version '192528614'; Build Type 'Release'
OS: 'Windows 10 Pro; OS build 18363.1379; Version 1909; 64bit' Language: 'en' Physical Memory: 8149 MB
BatchMode: 1, IsHumanControllingUs: 0, StartBugReporterOnCrash: 0, Is64bit: 1, IsPro: 0

 COMMAND LINE ARGUMENTS:
E:\GameDevelopment\Unity\2020.3.1f1\Editor\Unity.exe
-adb2
-batchMode
-noUpm
-name
AssetImportWorker2
-projectPath
F:/GameDev/KALI/KALI
-logFile
Logs/AssetImportWorker2.log
-srvPort
63985
Successfully changed project path to: F:/GameDev/KALI/KALI
F:/GameDev/KALI/KALI
Using Asset Import Pipeline V2.
Refreshing native plugins compatible for Editor in 128.34 ms, found 4 plugins.
Preloading 0 native plugins for Editor in 0.00 ms.
Initialize engine version: 2020.3.1f1 (77a89f25062f)
[Subsystems] Discovering subsystems at path E:/GameDevelopment/Unity/2020.3.1f1/Editor/Data/Resources/UnitySubsystems
[Subsystems] Discovering subsystems at path F:/GameDev/KALI/KALI/Assets
GfxDevice: creating device client; threaded=0
Direct3D:
    Version:  Direct3D 11.0 [level 11.0]
    Renderer: NVIDIA Quadro K600 (ID=0xffa)
    Vendor:   
    VRAM:     985 MB
    Driver:   27.21.14.6172
Initialize mono
Mono path[0] = 'E:/GameDevelopment/Unity/2020.3.1f1/Editor/Data/Managed'
Mono path[1] = 'E:/GameDevelopment/Unity/2020.3.1f1/Editor/Data/MonoBleedingEdge/lib/mono/unityjit'
Mono config path = 'E:/GameDevelopment/Unity/2020.3.1f1/Editor/Data/MonoBleedingEdge/etc'
Using monoOptions --debugger-agent=transport=dt_socket,embedding=1,server=y,suspend=n,address=127.0.0.1:56476
Begin MonoManager ReloadAssembly
Registering precompiled unity dll's ...
Register platform support module: E:/GameDevelopment/Unity/2020.3.1f1/Editor/Data/PlaybackEngines/WindowsStandaloneSupport/UnityEditor.WindowsStandalone.Extensions.dll
Registered in 0.001439 seconds.
Native extension for WindowsStandalone target not found
Refreshing native plugins compatible for Editor in 105.94 ms, found 4 plugins.
Preloading 0 native plugins for Editor in 0.00 ms.
Invoked RoslynAnalysisRunner static constructor.
RoslynAnalysisRunner will not be running.
RoslynAnalysisRunner has terminated.
Mono: successfully reloaded assembly
- Completed reload, in 12.450 seconds
Platform modules already initialized, skipping
Registering precompiled user dll's ...
Registered in 0.002693 seconds.
Begin MonoManager ReloadAssembly
Native extension for WindowsStandalone target not found
Refreshing native plugins compatible for Editor in 98.57 ms, found 4 plugins.
Preloading 0 native plugins for Editor in 0.00 ms.
Invoked RoslynAnalysisRunner static constructor.
RoslynAnalysisRunner will not be running.
RoslynAnalysisRunner has terminated.
Mono: successfully reloaded assembly
- Completed reload, in  1.742 seconds
Platform modules already initialized, skipping
========================================================================
Worker process is ready to serve import requests
Launched and connected shader compiler UnityShaderCompiler.exe after 0.33 seconds
Refreshing native plugins compatible for Editor in 0.92 ms, found 4 plugins.
Preloading 0 native plugins for Editor in 0.00 ms.
Unloading 2119 Unused Serialized files (Serialized files now loaded: 0)
System memory in use before: 100.0 MB.
System memory in use after: 100.0 MB.

Unloading 31 unused Assets to reduce memory usage. Loaded Objects now: 2556.
Total: 2.985700 ms (FindLiveObjects: 0.247700 ms CreateObjectMapping: 0.092700 ms MarkObjects: 2.427300 ms  DeleteObjects: 0.212800 ms)

========================================================================
Received Import Request.
  path: Assets/Sprites/UI/Asset 57@3x.png
  artifactKey: Guid(344a55ee478f8674e976eb04a431dde0) Importer(815301076,1909f56bfc062723c751e8b465ee728b)
Start importing Assets/Sprites/UI/Asset 57@3x.png using Guid(344a55ee478f8674e976eb04a431dde0) Importer(815301076,1909f56bfc062723c751e8b465ee728b)  -> (artifact id: 'f914bf72b2a5f5ae981e5108808a8ce0') in 2.738535 seconds
  Import took 2.767479 seconds .

========================================================================
Received Import Request.
  Time since last request: 2003.533435 seconds.
  path: Assets/Scenes/MainMenu.unity
  artifactKey: Guid(f5eaf1cd231c7214580888fa9e54b38f) Importer(815301076,1909f56bfc062723c751e8b465ee728b)
Start importing Assets/Scenes/MainMenu.unity using Guid(f5eaf1cd231c7214580888fa9e54b38f) Importer(815301076,1909f56bfc062723c751e8b465ee728b)  -> (artifact id: '36f735462b16437b9a126582747fb14f') in 0.033241 seconds
  Import took 0.090038 seconds .

========================================================================
Received Import Request.
  Time since last request: 23.874092 seconds.
  path: Assets/Sfx/mainmenuBgm.wav
  artifactKey: Guid(1f7183b94b84d234981d2e99640942a0) Importer(815301076,1909f56bfc062723c751e8b465ee728b)
Start importing Assets/Sfx/mainmenuBgm.wav using Guid(1f7183b94b84d234981d2e99640942a0) Importer(815301076,1909f56bfc062723c751e8b465ee728b)  -> (artifact id: '289a79b4fd54cc76549ff4b2ae3568c9') in 0.192103 seconds
  Import took 0.227914 seconds .

========================================================================
Received Prepare
Registering precompiled user dll's ...
Registered in 0.004609 seconds.
Begin MonoManager ReloadAssembly
Native extension for WindowsStandalone target not found
Refreshing native plugins compatible for Editor in 1.72 ms, found 4 plugins.
Preloading 0 native plugins for Editor in 0.00 ms.
Invoked RoslynAnalysisRunner static constructor.
RoslynAnalysisRunner will not be running.
RoslynAnalysisRunner has terminated.
Mono: successfully reloaded assembly
- Completed reload, in  2.944 seconds
Platform modules already initialized, skipping
Refreshing native plugins compatible for Editor in 0.97 ms, found 4 plugins.
Preloading 0 native plugins for Editor in 0.00 ms.
Unloading 2068 Unused Serialized files (Serialized files now loaded: 0)
System memory in use before: 99.5 MB.
System memory in use after: 99.4 MB.

Unloading 19 unused Assets to reduce memory usage. Loaded Objects now: 2572.
Total: 6.467100 ms (FindLiveObjects: 0.417000 ms CreateObjectMapping: 0.142500 ms MarkObjects: 5.661300 ms  DeleteObjects: 0.243500 ms)

========================================================================
Received Import Request.
  Time since last request: 262.086794 seconds.
  path: Assets/Sfx/Jungle Atmosphere Night.mp3
  artifactKey: Guid(f59b85dace6048244a850d63b2009fac) Importer(815301076,1909f56bfc062723c751e8b465ee728b)
Start importing Assets/Sfx/Jungle Atmosphere Night.mp3 using Guid(f59b85dace6048244a850d63b2009fac) Importer(815301076,1909f56bfc062723c751e8b465ee728b)  -> (artifact id: 'cdddc5f75dfe663b1a94bc70176de519') in 0.433371 seconds
  Import took 0.457227 seconds .

========================================================================
Received Prepare
Registering precompiled user dll's ...
Registered in 0.004135 seconds.
Begin MonoManager ReloadAssembly
Native extension for WindowsStandalone target not found
Refreshing native plugins compatible for Editor in 1.36 ms, found 4 plugins.
Preloading 0 native plugins for Editor in 0.00 ms.
Invoked RoslynAnalysisRunner static constructor.
RoslynAnalysisRunner will not be running.
RoslynAnalysisRunner has terminated.
Mono: successfully reloaded assembly
- Completed reload, in  4.315 seconds
Platform modules already initialized, skipping
Refreshing native plugins compatible for Editor in 1.44 ms, found 4 plugins.
Preloading 0 native plugins for Editor in 0.00 ms.
Unloading 2068 Unused Serialized files (Serialized files now loaded: 0)
System memory in use before: 99.5 MB.
System memory in use after: 99.5 MB.

Unloading 19 unused Assets to reduce memory usage. Loaded Objects now: 2577.
Total: 4.454700 ms (FindLiveObjects: 0.304500 ms CreateObjectMapping: 0.094100 ms MarkObjects: 3.870800 ms  DeleteObjects: 0.182700 ms)

========================================================================
Received Prepare
Registering precompiled user dll's ...
Registered in 0.003174 seconds.
Begin MonoManager ReloadAssembly
Native extension for WindowsStandalone target not found
Refreshing native plugins compatible for Editor in 1.42 ms, found 4 plugins.
Preloading 0 native plugins for Editor in 0.00 ms.
Invoked RoslynAnalysisRunner static constructor.
RoslynAnalysisRunner will not be running.
RoslynAnalysisRunner has terminated.
Mono: successfully reloaded assembly
- Completed reload, in  2.415 seconds
Platform modules already initialized, skipping
Refreshing native plugins compatible for Editor in 1.29 ms, found 4 plugins.
Preloading 0 native plugins for Editor in 0.00 ms.
Unloading 2068 Unused Serialized files (Serialized files now loaded: 0)
System memory in use before: 99.5 MB.
System memory in use after: 99.5 MB.

Unloading 19 unused Assets to reduce memory usage. Loaded Objects now: 2581.
Total: 5.055000 ms (FindLiveObjects: 0.383500 ms CreateObjectMapping: 0.131500 ms MarkObjects: 4.290600 ms  DeleteObjects: 0.246400 ms)

========================================================================
Received Prepare
Registering precompiled user dll's ...
Registered in 0.004116 seconds.
Begin MonoManager ReloadAssembly
Native extension for WindowsStandalone target not found
Refreshing native plugins compatible for Editor in 1.39 ms, found 4 plugins.
Preloading 0 native plugins for Editor in 0.00 ms.
Invoked RoslynAnalysisRunner static constructor.
RoslynAnalysisRunner will not be running.
RoslynAnalysisRunner has terminated.
Mono: successfully reloaded assembly
- Completed reload, in  2.218 seconds
Platform modules already initialized, skipping
Refreshing native plugins compatible for Editor in 1.37 ms, found 4 plugins.
Preloading 0 native plugins for Editor in 0.00 ms.
Unloading 2068 Unused Serialized files (Serialized files now loaded: 0)
System memory in use before: 99.5 MB.
System memory in use after: 99.5 MB.

Unloading 19 unused Assets to reduce memory usage. Loaded Objects now: 2585.
Total: 4.559000 ms (FindLiveObjects: 0.709300 ms CreateObjectMapping: 0.280400 ms MarkObjects: 3.372800 ms  DeleteObjects: 0.193200 ms)

========================================================================
Received Import Request.
  Time since last request: 590.217181 seconds.
  path: Assets/Scenes/SampleScene.unity
  artifactKey: Guid(2cda990e2423bbf4892e6590ba056729) Importer(815301076,1909f56bfc062723c751e8b465ee728b)
Start importing Assets/Scenes/SampleScene.unity using Guid(2cda990e2423bbf4892e6590ba056729) Importer(815301076,1909f56bfc062723c751e8b465ee728b)  -> (artifact id: '43e3d56513e459c1ff727613fd1d439e') in 0.031983 seconds
  Import took 0.081026 seconds .

========================================================================
Received Prepare
Registering precompiled user dll's ...
Registered in 0.002779 seconds.
Begin MonoManager ReloadAssembly
Native extension for WindowsStandalone target not found
Refreshing native plugins compatible for Editor in 1.53 ms, found 4 plugins.
Preloading 0 native plugins for Editor in 0.00 ms.
Invoked RoslynAnalysisRunner static constructor.
RoslynAnalysisRunner will not be running.
RoslynAnalysisRunner has terminated.
Mono: successfully reloaded assembly
- Completed reload, in  2.186 seconds
Platform modules already initialized, skipping
Refreshing native plugins compatible for Editor in 1.42 ms, found 4 plugins.
Preloading 0 native plugins for Editor in 0.00 ms.
Unloading 2068 Unused Serialized files (Serialized files now loaded: 0)
System memory in use before: 99.5 MB.
System memory in use after: 99.5 MB.

Unloading 19 unused Assets to reduce memory usage. Loaded Objects now: 2589.
Total: 3.908300 ms (FindLiveObjects: 0.533700 ms CreateObjectMapping: 0.208200 ms MarkObjects: 2.917600 ms  DeleteObjects: 0.245800 ms)

========================================================================
Received Import Request.
  Time since last request: 115.550837 seconds.
  path: Assets/Scenes/MainMenu.unity
  artifactKey: Guid(f5eaf1cd231c7214580888fa9e54b38f) Importer(815301076,1909f56bfc062723c751e8b465ee728b)
Start importing Assets/Scenes/MainMenu.unity using Guid(f5eaf1cd231c7214580888fa9e54b38f) Importer(815301076,1909f56bfc062723c751e8b465ee728b)  -> (artifact id: '9f3ce4b09878acf453169b4a8ef89136') in 0.028373 seconds
  Import took 0.048402 seconds .

========================================================================
Received Prepare
Registering precompiled user dll's ...
Registered in 0.002261 seconds.
Begin MonoManager ReloadAssembly
Native extension for WindowsStandalone target not found
Refreshing native plugins compatible for Editor in 0.91 ms, found 4 plugins.
Preloading 0 native plugins for Editor in 0.00 ms.
Invoked RoslynAnalysisRunner static constructor.
RoslynAnalysisRunner will not be running.
RoslynAnalysisRunner has terminated.
Mono: successfully reloaded assembly
- Completed reload, in  1.327 seconds
Platform modules already initialized, skipping
Refreshing native plugins compatible for Editor in 0.98 ms, found 4 plugins.
Preloading 0 native plugins for Editor in 0.00 ms.
Unloading 2068 Unused Serialized files (Serialized files now loaded: 0)
System memory in use before: 99.6 MB.
System memory in use after: 99.6 MB.

Unloading 19 unused Assets to reduce memory usage. Loaded Objects now: 2593.
Total: 3.329200 ms (FindLiveObjects: 0.378200 ms CreateObjectMapping: 0.133400 ms MarkObjects: 2.628700 ms  DeleteObjects: 0.186800 ms)

AssetImportWorkerClient::OnTransportError - code=2 error=End of file
