Using pre-set license
Built from '2020.3/release' branch; Version is '2020.3.1f1 (77a89f25062f) revision 7841951'; Using compiler version '192528614'; Build Type 'Release'
OS: 'Windows 10 Pro; OS build 18363.1379; Version 1909; 64bit' Language: 'en' Physical Memory: 8149 MB
BatchMode: 1, IsHumanControllingUs: 0, StartBugReporterOnCrash: 0, Is64bit: 1, IsPro: 0

 COMMAND LINE ARGUMENTS:
E:\GameDevelopment\Unity\2020.3.1f1\Editor\Unity.exe
-adb2
-batchMode
-noUpm
-name
AssetImportWorker0
-projectPath
F:/GameDev/KALI/KALI
-logFile
Logs/AssetImportWorker0.log
-srvPort
63935
Successfully changed project path to: F:/GameDev/KALI/KALI
F:/GameDev/KALI/KALI
Using Asset Import Pipeline V2.
Refreshing native plugins compatible for Editor in 140.60 ms, found 4 plugins.
Preloading 0 native plugins for Editor in 0.00 ms.
Initialize engine version: 2020.3.1f1 (77a89f25062f)
[Subsystems] Discovering subsystems at path E:/GameDevelopment/Unity/2020.3.1f1/Editor/Data/Resources/UnitySubsystems
[Subsystems] Discovering subsystems at path F:/GameDev/KALI/KALI/Assets
GfxDevice: creating device client; threaded=0
Direct3D:
    Version:  Direct3D 11.0 [level 11.0]
    Renderer: NVIDIA Quadro K600 (ID=0xffa)
    Vendor:   
    VRAM:     985 MB
    Driver:   27.21.14.6172
Initialize mono
Mono path[0] = 'E:/GameDevelopment/Unity/2020.3.1f1/Editor/Data/Managed'
Mono path[1] = 'E:/GameDevelopment/Unity/2020.3.1f1/Editor/Data/MonoBleedingEdge/lib/mono/unityjit'
Mono config path = 'E:/GameDevelopment/Unity/2020.3.1f1/Editor/Data/MonoBleedingEdge/etc'
Using monoOptions --debugger-agent=transport=dt_socket,embedding=1,server=y,suspend=n,address=127.0.0.1:56796
Begin MonoManager ReloadAssembly
Registering precompiled unity dll's ...
Register platform support module: E:/GameDevelopment/Unity/2020.3.1f1/Editor/Data/PlaybackEngines/WindowsStandaloneSupport/UnityEditor.WindowsStandalone.Extensions.dll
Registered in 0.002261 seconds.
Native extension for WindowsStandalone target not found
Refreshing native plugins compatible for Editor in 119.09 ms, found 4 plugins.
Preloading 0 native plugins for Editor in 0.00 ms.
Invoked RoslynAnalysisRunner static constructor.
RoslynAnalysisRunner will not be running.
RoslynAnalysisRunner has terminated.
Mono: successfully reloaded assembly
- Completed reload, in  2.244 seconds
Platform modules already initialized, skipping
Registering precompiled user dll's ...
Registered in 0.002154 seconds.
Begin MonoManager ReloadAssembly
Native extension for WindowsStandalone target not found
Refreshing native plugins compatible for Editor in 122.21 ms, found 4 plugins.
Preloading 0 native plugins for Editor in 0.00 ms.
Invoked RoslynAnalysisRunner static constructor.
RoslynAnalysisRunner will not be running.
RoslynAnalysisRunner has terminated.
Mono: successfully reloaded assembly
- Completed reload, in  2.681 seconds
Platform modules already initialized, skipping
========================================================================
Worker process is ready to serve import requests
Launched and connected shader compiler UnityShaderCompiler.exe after 0.15 seconds
Refreshing native plugins compatible for Editor in 1.11 ms, found 4 plugins.
Preloading 0 native plugins for Editor in 0.00 ms.
Unloading 2093 Unused Serialized files (Serialized files now loaded: 0)
System memory in use before: 99.2 MB.
System memory in use after: 99.2 MB.

Unloading 31 unused Assets to reduce memory usage. Loaded Objects now: 2530.
Total: 4.660700 ms (FindLiveObjects: 0.266900 ms CreateObjectMapping: 0.088500 ms MarkObjects: 3.970700 ms  DeleteObjects: 0.331700 ms)

========================================================================
Received Import Request.
  path: Assets/Scenes/MainMenu.unity
  artifactKey: Guid(f5eaf1cd231c7214580888fa9e54b38f) Importer(815301076,1909f56bfc062723c751e8b465ee728b)
Start importing Assets/Scenes/MainMenu.unity using Guid(f5eaf1cd231c7214580888fa9e54b38f) Importer(815301076,1909f56bfc062723c751e8b465ee728b)  -> (artifact id: 'a80e14841fc1a2f7b5f884e68ffa6b6c') in 0.035333 seconds
  Import took 0.060425 seconds .

========================================================================
Received Import Request.
  Time since last request: 43.411018 seconds.
  path: Assets/Fonts/Roboto-Light SDF.asset
  artifactKey: Guid(a07d1ccc3227c2d47ac6cff7b6702165) Importer(815301076,1909f56bfc062723c751e8b465ee728b)
Start importing Assets/Fonts/Roboto-Light SDF.asset using Guid(a07d1ccc3227c2d47ac6cff7b6702165) Importer(815301076,1909f56bfc062723c751e8b465ee728b)  -> (artifact id: '0e378bb286b40e457c51941c1578a719') in 0.527108 seconds
  Import took 0.566700 seconds .

========================================================================
Received Import Request.
  Time since last request: 0.000340 seconds.
  path: Assets/Fonts/Roboto-Thin SDF.asset
  artifactKey: Guid(e24c4105fdd88bf49ad69737fc210d61) Importer(815301076,1909f56bfc062723c751e8b465ee728b)
Start importing Assets/Fonts/Roboto-Thin SDF.asset using Guid(e24c4105fdd88bf49ad69737fc210d61) Importer(815301076,1909f56bfc062723c751e8b465ee728b)  -> (artifact id: '629562fd8ff63be64dd5060eebf5b2b2') in 0.061399 seconds
  Import took 0.082301 seconds .

========================================================================
Received Import Request.
  Time since last request: 33.592443 seconds.
  path: Assets/Fonts/AlloyInk-nRLyO.ttf
  artifactKey: Guid(7e30e49c63c011347ba53327c6501f30) Importer(815301076,1909f56bfc062723c751e8b465ee728b)
Start importing Assets/Fonts/AlloyInk-nRLyO.ttf using Guid(7e30e49c63c011347ba53327c6501f30) Importer(815301076,1909f56bfc062723c751e8b465ee728b)  -> (artifact id: '509ec1de96f8e99dd96ff6ffd06abef5') in 0.101105 seconds
  Import took 0.131111 seconds .

========================================================================
Received Import Request.
  Time since last request: 5.321495 seconds.
  path: Assets/Fonts/AlloyInk-nRLyO SDF.asset
  artifactKey: Guid(acbde04fdefd13248ace954aaddc1795) Importer(815301076,1909f56bfc062723c751e8b465ee728b)
Start importing Assets/Fonts/AlloyInk-nRLyO SDF.asset using Guid(acbde04fdefd13248ace954aaddc1795) Importer(815301076,1909f56bfc062723c751e8b465ee728b)  -> (artifact id: '5ade4964b7913cabb639518e12a434af') in 0.022932 seconds
  Import took 0.035702 seconds .

========================================================================
Received Import Request.
  Time since last request: 96.836199 seconds.
  path: Assets/Fonts/GOODDP__.TTF
  artifactKey: Guid(35128e41382e5564c85071795a0e8969) Importer(815301076,1909f56bfc062723c751e8b465ee728b)
Start importing Assets/Fonts/GOODDP__.TTF using Guid(35128e41382e5564c85071795a0e8969) Importer(815301076,1909f56bfc062723c751e8b465ee728b)  -> (artifact id: '330552ac4df0d06acacb496de05ba8bd') in 0.024228 seconds
  Import took 0.046667 seconds .

========================================================================
Received Import Request.
  Time since last request: 26.255018 seconds.
  path: Assets/Fonts/AlloyInk-nRLyO SDF.asset
  artifactKey: Guid(acbde04fdefd13248ace954aaddc1795) Importer(815301076,1909f56bfc062723c751e8b465ee728b)
Start importing Assets/Fonts/AlloyInk-nRLyO SDF.asset using Guid(acbde04fdefd13248ace954aaddc1795) Importer(815301076,1909f56bfc062723c751e8b465ee728b)  -> (artifact id: '64f84fb661bfc7d7512a9d36e3e4baa2') in 0.094651 seconds
  Import took 0.144167 seconds .

========================================================================
Received Import Request.
  Time since last request: 0.000366 seconds.
  path: Assets/Fonts/Roboto-Bold SDF.asset
  artifactKey: Guid(0877e05da9f79c04cab720c5706dab71) Importer(815301076,1909f56bfc062723c751e8b465ee728b)
Start importing Assets/Fonts/Roboto-Bold SDF.asset using Guid(0877e05da9f79c04cab720c5706dab71) Importer(815301076,1909f56bfc062723c751e8b465ee728b)  -> (artifact id: 'bb877c88e1510d58b71ef6747d3b8b98') in 0.068732 seconds
  Import took 0.086178 seconds .

========================================================================
Received Import Request.
  Time since last request: 0.000302 seconds.
  path: Assets/Fonts/GOODDP__ SDF.asset
  artifactKey: Guid(9f321aea8b44d9c409681d5986c7ab72) Importer(815301076,1909f56bfc062723c751e8b465ee728b)
Start importing Assets/Fonts/GOODDP__ SDF.asset using Guid(9f321aea8b44d9c409681d5986c7ab72) Importer(815301076,1909f56bfc062723c751e8b465ee728b)  -> (artifact id: '1e633d61f0ec0136a6c9b41abf9f9a55') in 0.017766 seconds
  Import took 0.032982 seconds .

========================================================================
Received Import Request.
  Time since last request: 0.000477 seconds.
  path: Assets/Fonts/AlloyInk-nRLyO SDF.asset
  artifactKey: Guid(acbde04fdefd13248ace954aaddc1795) Importer(815301076,1909f56bfc062723c751e8b465ee728b)
Start importing Assets/Fonts/AlloyInk-nRLyO SDF.asset using Guid(acbde04fdefd13248ace954aaddc1795) Importer(815301076,1909f56bfc062723c751e8b465ee728b)  -> (artifact id: '64f84fb661bfc7d7512a9d36e3e4baa2') in 0.093815 seconds
  Import took 0.111359 seconds .

========================================================================
Received Import Request.
  Time since last request: 1802.337677 seconds.
  path: Assets/Fonts/SHOWG.TTF
  artifactKey: Guid(c6a12f96c4b68b341ac2086e8b2669c1) Importer(815301076,1909f56bfc062723c751e8b465ee728b)
Start importing Assets/Fonts/SHOWG.TTF using Guid(c6a12f96c4b68b341ac2086e8b2669c1) Importer(815301076,1909f56bfc062723c751e8b465ee728b)  -> (artifact id: '882f4a6e10c1d6f8acc26641ef8a7b6e') in 0.050265 seconds
  Import took 0.072575 seconds .

========================================================================
Received Import Request.
  Time since last request: 0.003377 seconds.
  path: Assets/Fonts/SHOWG.TTF
  artifactKey: Guid(c6a12f96c4b68b341ac2086e8b2669c1) Importer(815301076,1909f56bfc062723c751e8b465ee728b)
Start importing Assets/Fonts/SHOWG.TTF using Guid(c6a12f96c4b68b341ac2086e8b2669c1) Importer(815301076,1909f56bfc062723c751e8b465ee728b)  -> (artifact id: '882f4a6e10c1d6f8acc26641ef8a7b6e') in 0.016624 seconds
  Import took 0.025877 seconds .

========================================================================
Received Import Request.
  Time since last request: 4.515586 seconds.
  path: Assets/Fonts/GOODDP__ SDF.asset
  artifactKey: Guid(9f321aea8b44d9c409681d5986c7ab72) Importer(815301076,1909f56bfc062723c751e8b465ee728b)
Start importing Assets/Fonts/GOODDP__ SDF.asset using Guid(9f321aea8b44d9c409681d5986c7ab72) Importer(815301076,1909f56bfc062723c751e8b465ee728b)  -> (artifact id: '5a5b003bdc0f115b50a4fc01dc32da9e') in 0.053787 seconds
  Import took 0.062226 seconds .

========================================================================
Received Import Request.
  Time since last request: 0.000356 seconds.
  path: Assets/Fonts/SHOWG SDF.asset
  artifactKey: Guid(1f79c053aa6753d4c8ffa54f6f9b69c6) Importer(815301076,1909f56bfc062723c751e8b465ee728b)
Start importing Assets/Fonts/SHOWG SDF.asset using Guid(1f79c053aa6753d4c8ffa54f6f9b69c6) Importer(815301076,1909f56bfc062723c751e8b465ee728b)  -> (artifact id: '14ba7c84e15ea7a23c4e189241236aff') in 0.019385 seconds
  Import took 0.044437 seconds .

========================================================================
Received Import Request.
  Time since last request: 181.956411 seconds.
  path: Assets/Sprites/KALI UI_7.png
  artifactKey: Guid(6b4cd33f49841cc419f2da34df486a43) Importer(815301076,1909f56bfc062723c751e8b465ee728b)
Start importing Assets/Sprites/KALI UI_7.png using Guid(6b4cd33f49841cc419f2da34df486a43) Importer(815301076,1909f56bfc062723c751e8b465ee728b)  -> (artifact id: 'cbbba2498493d1413ea4bffe4b7d4754') in 0.149285 seconds
  Import took 0.169218 seconds .

========================================================================
Received Prepare
Registering precompiled user dll's ...
Registered in 0.003058 seconds.
Begin MonoManager ReloadAssembly
Native extension for WindowsStandalone target not found
Refreshing native plugins compatible for Editor in 1.24 ms, found 4 plugins.
Preloading 0 native plugins for Editor in 0.00 ms.
Invoked RoslynAnalysisRunner static constructor.
RoslynAnalysisRunner will not be running.
RoslynAnalysisRunner has terminated.
Mono: successfully reloaded assembly
- Completed reload, in  2.888 seconds
Platform modules already initialized, skipping
Refreshing native plugins compatible for Editor in 0.99 ms, found 4 plugins.
Preloading 0 native plugins for Editor in 0.00 ms.
Unloading 2042 Unused Serialized files (Serialized files now loaded: 0)
System memory in use before: 99.0 MB.
System memory in use after: 99.0 MB.

Unloading 19 unused Assets to reduce memory usage. Loaded Objects now: 2581.
Total: 4.734500 ms (FindLiveObjects: 0.773800 ms CreateObjectMapping: 0.218900 ms MarkObjects: 3.487000 ms  DeleteObjects: 0.252100 ms)

========================================================================
Received Import Request.
  Time since last request: 945.293149 seconds.
  path: Assets/Sprites/Asset 1@3x.png
  artifactKey: Guid(cffea358f5963124487f693bf23b406d) Importer(815301076,1909f56bfc062723c751e8b465ee728b)
Start importing Assets/Sprites/Asset 1@3x.png using Guid(cffea358f5963124487f693bf23b406d) Importer(815301076,1909f56bfc062723c751e8b465ee728b)  -> (artifact id: 'aa95b82a5ebaf91ff3b17a0d641e8357') in 0.165063 seconds
  Import took 0.193766 seconds .

========================================================================
Received Prepare
Registering precompiled user dll's ...
Registered in 0.003678 seconds.
Begin MonoManager ReloadAssembly
Native extension for WindowsStandalone target not found
Refreshing native plugins compatible for Editor in 1.24 ms, found 4 plugins.
Preloading 0 native plugins for Editor in 0.00 ms.
Invoked RoslynAnalysisRunner static constructor.
RoslynAnalysisRunner will not be running.
RoslynAnalysisRunner has terminated.
Mono: successfully reloaded assembly
- Completed reload, in  2.324 seconds
Platform modules already initialized, skipping
Refreshing native plugins compatible for Editor in 1.14 ms, found 4 plugins.
Preloading 0 native plugins for Editor in 0.00 ms.
Unloading 2042 Unused Serialized files (Serialized files now loaded: 0)
System memory in use before: 99.0 MB.
System memory in use after: 99.0 MB.

Unloading 19 unused Assets to reduce memory usage. Loaded Objects now: 2588.
Total: 5.540900 ms (FindLiveObjects: 0.285000 ms CreateObjectMapping: 0.102200 ms MarkObjects: 4.894700 ms  DeleteObjects: 0.256100 ms)

========================================================================
Received Prepare
Registering precompiled user dll's ...
Registered in 0.002894 seconds.
Begin MonoManager ReloadAssembly
Native extension for WindowsStandalone target not found
Refreshing native plugins compatible for Editor in 1.10 ms, found 4 plugins.
Preloading 0 native plugins for Editor in 0.00 ms.
Invoked RoslynAnalysisRunner static constructor.
RoslynAnalysisRunner will not be running.
RoslynAnalysisRunner has terminated.
Mono: successfully reloaded assembly
- Completed reload, in  2.474 seconds
Platform modules already initialized, skipping
Refreshing native plugins compatible for Editor in 0.82 ms, found 4 plugins.
Preloading 0 native plugins for Editor in 0.00 ms.
Unloading 2043 Unused Serialized files (Serialized files now loaded: 0)
System memory in use before: 99.1 MB.
System memory in use after: 99.1 MB.

Unloading 19 unused Assets to reduce memory usage. Loaded Objects now: 2593.
Total: 4.834400 ms (FindLiveObjects: 0.477700 ms CreateObjectMapping: 0.155700 ms MarkObjects: 3.929800 ms  DeleteObjects: 0.268100 ms)

========================================================================
Received Import Request.
  Time since last request: 163.634456 seconds.
  path: Assets/Scripts/MenuManager.cs
  artifactKey: Guid(5118117fb3563fb4aa4b84b33d54a245) Importer(815301076,1909f56bfc062723c751e8b465ee728b)
Start importing Assets/Scripts/MenuManager.cs using Guid(5118117fb3563fb4aa4b84b33d54a245) Importer(815301076,1909f56bfc062723c751e8b465ee728b)  -> (artifact id: '506fcaf4c1f9bf095ff4a5bd587fc4bf') in 0.027723 seconds
  Import took 0.073424 seconds .

========================================================================
Received Prepare
Registering precompiled user dll's ...
Registered in 0.002942 seconds.
Begin MonoManager ReloadAssembly
Native extension for WindowsStandalone target not found
Refreshing native plugins compatible for Editor in 1.03 ms, found 4 plugins.
Preloading 0 native plugins for Editor in 0.00 ms.
Invoked RoslynAnalysisRunner static constructor.
RoslynAnalysisRunner will not be running.
RoslynAnalysisRunner has terminated.
Mono: successfully reloaded assembly
- Completed reload, in  2.691 seconds
Platform modules already initialized, skipping
Refreshing native plugins compatible for Editor in 1.64 ms, found 4 plugins.
Preloading 0 native plugins for Editor in 0.00 ms.
Unloading 2043 Unused Serialized files (Serialized files now loaded: 0)
System memory in use before: 99.1 MB.
System memory in use after: 99.1 MB.

Unloading 19 unused Assets to reduce memory usage. Loaded Objects now: 2597.
Total: 5.684700 ms (FindLiveObjects: 0.755300 ms CreateObjectMapping: 0.192500 ms MarkObjects: 4.475000 ms  DeleteObjects: 0.258900 ms)

========================================================================
Received Import Request.
  Time since last request: 379.116845 seconds.
  path: Assets/Scenes/SampleScene.unity
  artifactKey: Guid(2cda990e2423bbf4892e6590ba056729) Importer(815301076,1909f56bfc062723c751e8b465ee728b)
Start importing Assets/Scenes/SampleScene.unity using Guid(2cda990e2423bbf4892e6590ba056729) Importer(815301076,1909f56bfc062723c751e8b465ee728b)  -> (artifact id: '3ab7f8f2d9cb0d2e4759647031691ea8') in 0.032470 seconds
  Import took 0.059766 seconds .

========================================================================
Received Prepare
Registering precompiled user dll's ...
Registered in 0.002866 seconds.
Begin MonoManager ReloadAssembly
Native extension for WindowsStandalone target not found
Refreshing native plugins compatible for Editor in 0.74 ms, found 4 plugins.
Preloading 0 native plugins for Editor in 0.00 ms.
Invoked RoslynAnalysisRunner static constructor.
RoslynAnalysisRunner will not be running.
RoslynAnalysisRunner has terminated.
Mono: successfully reloaded assembly
- Completed reload, in  2.252 seconds
Platform modules already initialized, skipping
Refreshing native plugins compatible for Editor in 1.35 ms, found 4 plugins.
Preloading 0 native plugins for Editor in 0.00 ms.
Unloading 2043 Unused Serialized files (Serialized files now loaded: 0)
System memory in use before: 99.1 MB.
System memory in use after: 99.1 MB.

Unloading 19 unused Assets to reduce memory usage. Loaded Objects now: 2601.
Total: 4.535300 ms (FindLiveObjects: 0.308500 ms CreateObjectMapping: 0.131000 ms MarkObjects: 3.839000 ms  DeleteObjects: 0.253900 ms)

========================================================================
Received Import Request.
  Time since last request: 364.948618 seconds.
  path: Assets/Scenes/MainMenu.unity
  artifactKey: Guid(f5eaf1cd231c7214580888fa9e54b38f) Importer(815301076,1909f56bfc062723c751e8b465ee728b)
Start importing Assets/Scenes/MainMenu.unity using Guid(f5eaf1cd231c7214580888fa9e54b38f) Importer(815301076,1909f56bfc062723c751e8b465ee728b)  -> (artifact id: '01161b95d9b6bda8bcbc5d94e59ddd04') in 0.025987 seconds
  Import took 0.045068 seconds .

========================================================================
Received Import Request.
  Time since last request: 494.636766 seconds.
  path: Assets/Sprites/Asset 2@3x.png
  artifactKey: Guid(a67654c6b1a43e0478496342e410cf94) Importer(815301076,1909f56bfc062723c751e8b465ee728b)
Start importing Assets/Sprites/Asset 2@3x.png using Guid(a67654c6b1a43e0478496342e410cf94) Importer(815301076,1909f56bfc062723c751e8b465ee728b)  -> (artifact id: '04a073e186769805939d3295d83fefa5') in 0.149701 seconds
  Import took 0.171653 seconds .

========================================================================
Received Prepare
Registering precompiled user dll's ...
Registered in 0.001870 seconds.
Begin MonoManager ReloadAssembly
Native extension for WindowsStandalone target not found
Refreshing native plugins compatible for Editor in 0.86 ms, found 4 plugins.
Preloading 0 native plugins for Editor in 0.00 ms.
Invoked RoslynAnalysisRunner static constructor.
RoslynAnalysisRunner will not be running.
RoslynAnalysisRunner has terminated.
Mono: successfully reloaded assembly
- Completed reload, in  1.560 seconds
Platform modules already initialized, skipping
Refreshing native plugins compatible for Editor in 0.71 ms, found 4 plugins.
Preloading 0 native plugins for Editor in 0.00 ms.
Unloading 2043 Unused Serialized files (Serialized files now loaded: 0)
System memory in use before: 99.1 MB.
System memory in use after: 99.1 MB.

Unloading 19 unused Assets to reduce memory usage. Loaded Objects now: 2608.
Total: 3.538000 ms (FindLiveObjects: 0.322400 ms CreateObjectMapping: 0.133900 ms MarkObjects: 2.900800 ms  DeleteObjects: 0.178100 ms)

========================================================================
Received Prepare
Registering precompiled user dll's ...
Registered in 0.001871 seconds.
Begin MonoManager ReloadAssembly
Native extension for WindowsStandalone target not found
Refreshing native plugins compatible for Editor in 0.85 ms, found 4 plugins.
Preloading 0 native plugins for Editor in 0.00 ms.
Invoked RoslynAnalysisRunner static constructor.
RoslynAnalysisRunner will not be running.
RoslynAnalysisRunner has terminated.
Mono: successfully reloaded assembly
- Completed reload, in  1.456 seconds
Platform modules already initialized, skipping
Refreshing native plugins compatible for Editor in 0.98 ms, found 4 plugins.
Preloading 0 native plugins for Editor in 0.00 ms.
Unloading 2043 Unused Serialized files (Serialized files now loaded: 0)
System memory in use before: 99.2 MB.
System memory in use after: 99.2 MB.

Unloading 19 unused Assets to reduce memory usage. Loaded Objects now: 2612.
Total: 3.718000 ms (FindLiveObjects: 0.276900 ms CreateObjectMapping: 0.152200 ms MarkObjects: 3.112600 ms  DeleteObjects: 0.174100 ms)

========================================================================
Received Prepare
Registering precompiled user dll's ...
Registered in 0.002015 seconds.
Begin MonoManager ReloadAssembly
Native extension for WindowsStandalone target not found
Refreshing native plugins compatible for Editor in 0.70 ms, found 4 plugins.
Preloading 0 native plugins for Editor in 0.00 ms.
Invoked RoslynAnalysisRunner static constructor.
RoslynAnalysisRunner will not be running.
RoslynAnalysisRunner has terminated.
Mono: successfully reloaded assembly
- Completed reload, in  1.629 seconds
Platform modules already initialized, skipping
Refreshing native plugins compatible for Editor in 1.21 ms, found 4 plugins.
Preloading 0 native plugins for Editor in 0.00 ms.
Unloading 2043 Unused Serialized files (Serialized files now loaded: 0)
System memory in use before: 99.2 MB.
System memory in use after: 99.2 MB.

Unloading 19 unused Assets to reduce memory usage. Loaded Objects now: 2616.
Total: 3.194900 ms (FindLiveObjects: 0.372300 ms CreateObjectMapping: 0.112700 ms MarkObjects: 2.517800 ms  DeleteObjects: 0.190100 ms)

========================================================================
Received Prepare
Registering precompiled user dll's ...
Registered in 0.001995 seconds.
Begin MonoManager ReloadAssembly
Native extension for WindowsStandalone target not found
Refreshing native plugins compatible for Editor in 0.73 ms, found 4 plugins.
Preloading 0 native plugins for Editor in 0.00 ms.
Invoked RoslynAnalysisRunner static constructor.
RoslynAnalysisRunner will not be running.
RoslynAnalysisRunner has terminated.
Mono: successfully reloaded assembly
- Completed reload, in  1.509 seconds
Platform modules already initialized, skipping
Refreshing native plugins compatible for Editor in 0.70 ms, found 4 plugins.
Preloading 0 native plugins for Editor in 0.00 ms.
Unloading 2043 Unused Serialized files (Serialized files now loaded: 0)
System memory in use before: 99.2 MB.
System memory in use after: 99.2 MB.

Unloading 19 unused Assets to reduce memory usage. Loaded Objects now: 2620.
Total: 3.908100 ms (FindLiveObjects: 0.232400 ms CreateObjectMapping: 0.091300 ms MarkObjects: 3.368400 ms  DeleteObjects: 0.213700 ms)

========================================================================
Received Prepare
Registering precompiled user dll's ...
Registered in 0.001823 seconds.
Begin MonoManager ReloadAssembly
Native extension for WindowsStandalone target not found
Refreshing native plugins compatible for Editor in 0.74 ms, found 4 plugins.
Preloading 0 native plugins for Editor in 0.00 ms.
Invoked RoslynAnalysisRunner static constructor.
RoslynAnalysisRunner will not be running.
RoslynAnalysisRunner has terminated.
Mono: successfully reloaded assembly
- Completed reload, in  1.626 seconds
Platform modules already initialized, skipping
Refreshing native plugins compatible for Editor in 0.76 ms, found 4 plugins.
Preloading 0 native plugins for Editor in 0.00 ms.
Unloading 2043 Unused Serialized files (Serialized files now loaded: 0)
System memory in use before: 99.2 MB.
System memory in use after: 99.2 MB.

Unloading 19 unused Assets to reduce memory usage. Loaded Objects now: 2624.
Total: 3.420000 ms (FindLiveObjects: 0.236800 ms CreateObjectMapping: 0.088400 ms MarkObjects: 2.849500 ms  DeleteObjects: 0.242900 ms)

========================================================================
Received Prepare
Registering precompiled user dll's ...
Registered in 0.001900 seconds.
Begin MonoManager ReloadAssembly
Native extension for WindowsStandalone target not found
Refreshing native plugins compatible for Editor in 0.97 ms, found 4 plugins.
Preloading 0 native plugins for Editor in 0.00 ms.
Invoked RoslynAnalysisRunner static constructor.
RoslynAnalysisRunner will not be running.
RoslynAnalysisRunner has terminated.
Mono: successfully reloaded assembly
- Completed reload, in  1.639 seconds
Platform modules already initialized, skipping
Refreshing native plugins compatible for Editor in 0.72 ms, found 4 plugins.
Preloading 0 native plugins for Editor in 0.00 ms.
Unloading 2043 Unused Serialized files (Serialized files now loaded: 0)
System memory in use before: 99.2 MB.
System memory in use after: 99.2 MB.

Unloading 19 unused Assets to reduce memory usage. Loaded Objects now: 2628.
Total: 4.194000 ms (FindLiveObjects: 0.238800 ms CreateObjectMapping: 0.095300 ms MarkObjects: 3.639400 ms  DeleteObjects: 0.218400 ms)

========================================================================
Received Prepare
Registering precompiled user dll's ...
Registered in 0.002493 seconds.
Begin MonoManager ReloadAssembly
Native extension for WindowsStandalone target not found
Refreshing native plugins compatible for Editor in 1.01 ms, found 4 plugins.
Preloading 0 native plugins for Editor in 0.00 ms.
Invoked RoslynAnalysisRunner static constructor.
RoslynAnalysisRunner will not be running.
RoslynAnalysisRunner has terminated.
Mono: successfully reloaded assembly
- Completed reload, in  1.761 seconds
Platform modules already initialized, skipping
Refreshing native plugins compatible for Editor in 0.78 ms, found 4 plugins.
Preloading 0 native plugins for Editor in 0.00 ms.
Unloading 2043 Unused Serialized files (Serialized files now loaded: 0)
System memory in use before: 99.2 MB.
System memory in use after: 99.2 MB.

Unloading 19 unused Assets to reduce memory usage. Loaded Objects now: 2632.
Total: 3.213700 ms (FindLiveObjects: 0.345900 ms CreateObjectMapping: 0.104100 ms MarkObjects: 2.570300 ms  DeleteObjects: 0.191100 ms)

========================================================================
Received Prepare
Registering precompiled user dll's ...
Registered in 0.001804 seconds.
Begin MonoManager ReloadAssembly
Native extension for WindowsStandalone target not found
Refreshing native plugins compatible for Editor in 0.70 ms, found 4 plugins.
Preloading 0 native plugins for Editor in 0.00 ms.
Invoked RoslynAnalysisRunner static constructor.
RoslynAnalysisRunner will not be running.
RoslynAnalysisRunner has terminated.
Mono: successfully reloaded assembly
- Completed reload, in  1.672 seconds
Platform modules already initialized, skipping
Refreshing native plugins compatible for Editor in 1.12 ms, found 4 plugins.
Preloading 0 native plugins for Editor in 0.00 ms.
Unloading 2043 Unused Serialized files (Serialized files now loaded: 0)
System memory in use before: 99.2 MB.
System memory in use after: 99.2 MB.

Unloading 19 unused Assets to reduce memory usage. Loaded Objects now: 2636.
Total: 3.133700 ms (FindLiveObjects: 0.230300 ms CreateObjectMapping: 0.087400 ms MarkObjects: 2.650100 ms  DeleteObjects: 0.164000 ms)

========================================================================
Received Prepare
Registering precompiled user dll's ...
Registered in 0.001886 seconds.
Begin MonoManager ReloadAssembly
Native extension for WindowsStandalone target not found
Refreshing native plugins compatible for Editor in 0.70 ms, found 4 plugins.
Preloading 0 native plugins for Editor in 0.00 ms.
Invoked RoslynAnalysisRunner static constructor.
RoslynAnalysisRunner will not be running.
RoslynAnalysisRunner has terminated.
Mono: successfully reloaded assembly
- Completed reload, in  1.453 seconds
Platform modules already initialized, skipping
Refreshing native plugins compatible for Editor in 0.79 ms, found 4 plugins.
Preloading 0 native plugins for Editor in 0.00 ms.
Unloading 2043 Unused Serialized files (Serialized files now loaded: 0)
System memory in use before: 99.2 MB.
System memory in use after: 99.2 MB.

Unloading 19 unused Assets to reduce memory usage. Loaded Objects now: 2640.
Total: 3.294600 ms (FindLiveObjects: 0.253900 ms CreateObjectMapping: 0.090700 ms MarkObjects: 2.706000 ms  DeleteObjects: 0.241800 ms)

========================================================================
Received Import Request.
  Time since last request: 1333.068078 seconds.
  path: Assets/Sprites/Asset 3@3x.png
  artifactKey: Guid(f83591827d9ba6040bd610cafe7d1913) Importer(815301076,1909f56bfc062723c751e8b465ee728b)
Start importing Assets/Sprites/Asset 3@3x.png using Guid(f83591827d9ba6040bd610cafe7d1913) Importer(815301076,1909f56bfc062723c751e8b465ee728b)  -> (artifact id: '0cbbb56a88358744ef2fdf1bc2670430') in 0.472243 seconds
  Import took 0.492251 seconds .

========================================================================
Received Import Request.
  Time since last request: 279.371253 seconds.
  path: Assets/Sprites/Asset 4@3x.png
  artifactKey: Guid(b8b8e71afe7645f41bb9cbefd9411233) Importer(815301076,1909f56bfc062723c751e8b465ee728b)
Start importing Assets/Sprites/Asset 4@3x.png using Guid(b8b8e71afe7645f41bb9cbefd9411233) Importer(815301076,1909f56bfc062723c751e8b465ee728b)  -> (artifact id: 'b14d4e139e319e251c2da70696238643') in 0.047050 seconds
  Import took 0.060706 seconds .

========================================================================
Received Import Request.
  Time since last request: 82.709592 seconds.
  path: Assets/Scenes/MainMenu.unity
  artifactKey: Guid(f5eaf1cd231c7214580888fa9e54b38f) Importer(815301076,1909f56bfc062723c751e8b465ee728b)
Start importing Assets/Scenes/MainMenu.unity using Guid(f5eaf1cd231c7214580888fa9e54b38f) Importer(815301076,1909f56bfc062723c751e8b465ee728b)  -> (artifact id: 'd1c4ef96065bbfbfbea919df2f9703d4') in 0.004443 seconds
  Import took 0.011051 seconds .

========================================================================
Received Import Request.
  Time since last request: 55.937179 seconds.
  path: Assets/Scenes/SampleScene.unity
  artifactKey: Guid(2cda990e2423bbf4892e6590ba056729) Importer(815301076,1909f56bfc062723c751e8b465ee728b)
Start importing Assets/Scenes/SampleScene.unity using Guid(2cda990e2423bbf4892e6590ba056729) Importer(815301076,1909f56bfc062723c751e8b465ee728b)  -> (artifact id: 'ccf43f699c3761013eb44e0d8946f352') in 0.004827 seconds
  Import took 0.026928 seconds .

========================================================================
Received Prepare
Registering precompiled user dll's ...
Registered in 0.002690 seconds.
Begin MonoManager ReloadAssembly
Native extension for WindowsStandalone target not found
Refreshing native plugins compatible for Editor in 0.70 ms, found 4 plugins.
Preloading 0 native plugins for Editor in 0.00 ms.
Invoked RoslynAnalysisRunner static constructor.
RoslynAnalysisRunner will not be running.
RoslynAnalysisRunner has terminated.
Mono: successfully reloaded assembly
- Completed reload, in  1.366 seconds
Platform modules already initialized, skipping
Refreshing native plugins compatible for Editor in 0.77 ms, found 4 plugins.
Preloading 0 native plugins for Editor in 0.00 ms.
Unloading 2043 Unused Serialized files (Serialized files now loaded: 0)
System memory in use before: 99.2 MB.
System memory in use after: 99.2 MB.

Unloading 19 unused Assets to reduce memory usage. Loaded Objects now: 2647.
Total: 3.589700 ms (FindLiveObjects: 0.235200 ms CreateObjectMapping: 0.096200 ms MarkObjects: 3.076100 ms  DeleteObjects: 0.179600 ms)

========================================================================
Received Import Request.
  Time since last request: 158.369684 seconds.
  path: Assets/Scenes/SampleScene.unity
  artifactKey: Guid(2cda990e2423bbf4892e6590ba056729) Importer(815301076,1909f56bfc062723c751e8b465ee728b)
Start importing Assets/Scenes/SampleScene.unity using Guid(2cda990e2423bbf4892e6590ba056729) Importer(815301076,1909f56bfc062723c751e8b465ee728b)  -> (artifact id: 'a869d33fb27e69e19f9fe035e4435f03') in 0.081471 seconds
  Import took 0.093165 seconds .

========================================================================
Received Prepare
Registering precompiled user dll's ...
Registered in 0.001907 seconds.
Begin MonoManager ReloadAssembly
Native extension for WindowsStandalone target not found
Refreshing native plugins compatible for Editor in 1.47 ms, found 4 plugins.
Preloading 0 native plugins for Editor in 0.00 ms.
Invoked RoslynAnalysisRunner static constructor.
RoslynAnalysisRunner will not be running.
RoslynAnalysisRunner has terminated.
Mono: successfully reloaded assembly
- Completed reload, in  1.450 seconds
Platform modules already initialized, skipping
Refreshing native plugins compatible for Editor in 0.77 ms, found 4 plugins.
Preloading 0 native plugins for Editor in 0.00 ms.
Unloading 2043 Unused Serialized files (Serialized files now loaded: 0)
System memory in use before: 99.3 MB.
System memory in use after: 99.3 MB.

Unloading 19 unused Assets to reduce memory usage. Loaded Objects now: 2651.
Total: 5.384900 ms (FindLiveObjects: 0.391600 ms CreateObjectMapping: 0.116500 ms MarkObjects: 4.707600 ms  DeleteObjects: 0.167100 ms)

========================================================================
Received Import Request.
  Time since last request: 163.911180 seconds.
  path: Assets/Scenes/SampleScene.unity
  artifactKey: Guid(2cda990e2423bbf4892e6590ba056729) Importer(815301076,1909f56bfc062723c751e8b465ee728b)
Start importing Assets/Scenes/SampleScene.unity using Guid(2cda990e2423bbf4892e6590ba056729) Importer(815301076,1909f56bfc062723c751e8b465ee728b)  -> (artifact id: 'a6b07fd9c95765add7a17b17c3b825fc') in 0.021795 seconds
  Import took 0.049683 seconds .

========================================================================
Received Prepare
Registering precompiled user dll's ...
Registered in 0.002928 seconds.
Begin MonoManager ReloadAssembly
Native extension for WindowsStandalone target not found
Refreshing native plugins compatible for Editor in 1.99 ms, found 4 plugins.
Preloading 0 native plugins for Editor in 0.00 ms.
Invoked RoslynAnalysisRunner static constructor.
RoslynAnalysisRunner will not be running.
RoslynAnalysisRunner has terminated.
Mono: successfully reloaded assembly
- Completed reload, in  2.637 seconds
Platform modules already initialized, skipping
Refreshing native plugins compatible for Editor in 1.18 ms, found 4 plugins.
Preloading 0 native plugins for Editor in 0.00 ms.
Unloading 2043 Unused Serialized files (Serialized files now loaded: 0)
System memory in use before: 99.3 MB.
System memory in use after: 99.3 MB.

Unloading 19 unused Assets to reduce memory usage. Loaded Objects now: 2655.
Total: 4.971600 ms (FindLiveObjects: 0.463100 ms CreateObjectMapping: 0.188000 ms MarkObjects: 4.032500 ms  DeleteObjects: 0.285000 ms)

========================================================================
Received Prepare
Registering precompiled user dll's ...
Registered in 0.002951 seconds.
Begin MonoManager ReloadAssembly
Native extension for WindowsStandalone target not found
Refreshing native plugins compatible for Editor in 1.22 ms, found 4 plugins.
Preloading 0 native plugins for Editor in 0.00 ms.
Invoked RoslynAnalysisRunner static constructor.
RoslynAnalysisRunner will not be running.
RoslynAnalysisRunner has terminated.
Mono: successfully reloaded assembly
- Completed reload, in  2.478 seconds
Platform modules already initialized, skipping
Refreshing native plugins compatible for Editor in 1.44 ms, found 4 plugins.
Preloading 0 native plugins for Editor in 0.00 ms.
Unloading 2043 Unused Serialized files (Serialized files now loaded: 0)
System memory in use before: 99.3 MB.
System memory in use after: 99.3 MB.

Unloading 19 unused Assets to reduce memory usage. Loaded Objects now: 2659.
Total: 3.183100 ms (FindLiveObjects: 0.264600 ms CreateObjectMapping: 0.103100 ms MarkObjects: 2.630100 ms  DeleteObjects: 0.182900 ms)

========================================================================
Received Prepare
Registering precompiled user dll's ...
Registered in 0.006457 seconds.
Begin MonoManager ReloadAssembly
Native extension for WindowsStandalone target not found
Refreshing native plugins compatible for Editor in 1.16 ms, found 4 plugins.
Preloading 0 native plugins for Editor in 0.00 ms.
Invoked RoslynAnalysisRunner static constructor.
RoslynAnalysisRunner will not be running.
RoslynAnalysisRunner has terminated.
Mono: successfully reloaded assembly
- Completed reload, in  2.311 seconds
Platform modules already initialized, skipping
Refreshing native plugins compatible for Editor in 1.11 ms, found 4 plugins.
Preloading 0 native plugins for Editor in 0.00 ms.
Unloading 2043 Unused Serialized files (Serialized files now loaded: 0)
System memory in use before: 99.3 MB.
System memory in use after: 99.3 MB.

Unloading 19 unused Assets to reduce memory usage. Loaded Objects now: 2663.
Total: 3.643400 ms (FindLiveObjects: 0.457000 ms CreateObjectMapping: 0.156100 ms MarkObjects: 2.805200 ms  DeleteObjects: 0.222500 ms)

========================================================================
Received Prepare
Registering precompiled user dll's ...
Registered in 0.005983 seconds.
Begin MonoManager ReloadAssembly
Native extension for WindowsStandalone target not found
Refreshing native plugins compatible for Editor in 1.14 ms, found 4 plugins.
Preloading 0 native plugins for Editor in 0.00 ms.
Invoked RoslynAnalysisRunner static constructor.
RoslynAnalysisRunner will not be running.
RoslynAnalysisRunner has terminated.
Mono: successfully reloaded assembly
- Completed reload, in  2.546 seconds
Platform modules already initialized, skipping
Refreshing native plugins compatible for Editor in 4.57 ms, found 4 plugins.
Preloading 0 native plugins for Editor in 0.00 ms.
Unloading 2043 Unused Serialized files (Serialized files now loaded: 0)
System memory in use before: 99.3 MB.
System memory in use after: 99.3 MB.

Unloading 19 unused Assets to reduce memory usage. Loaded Objects now: 2667.
Total: 5.802400 ms (FindLiveObjects: 1.015300 ms CreateObjectMapping: 0.285000 ms MarkObjects: 4.242300 ms  DeleteObjects: 0.257000 ms)

========================================================================
Received Prepare
Registering precompiled user dll's ...
Registered in 0.002761 seconds.
Begin MonoManager ReloadAssembly
Native extension for WindowsStandalone target not found
Refreshing native plugins compatible for Editor in 1.05 ms, found 4 plugins.
Preloading 0 native plugins for Editor in 0.00 ms.
Invoked RoslynAnalysisRunner static constructor.
RoslynAnalysisRunner will not be running.
RoslynAnalysisRunner has terminated.
Mono: successfully reloaded assembly
- Completed reload, in  2.301 seconds
Platform modules already initialized, skipping
Refreshing native plugins compatible for Editor in 1.21 ms, found 4 plugins.
Preloading 0 native plugins for Editor in 0.00 ms.
Unloading 2043 Unused Serialized files (Serialized files now loaded: 0)
System memory in use before: 99.3 MB.
System memory in use after: 99.3 MB.

Unloading 19 unused Assets to reduce memory usage. Loaded Objects now: 2671.
Total: 4.765200 ms (FindLiveObjects: 0.479000 ms CreateObjectMapping: 0.605800 ms MarkObjects: 3.498600 ms  DeleteObjects: 0.179300 ms)

========================================================================
Received Prepare
Registering precompiled user dll's ...
Registered in 0.004121 seconds.
Begin MonoManager ReloadAssembly
Native extension for WindowsStandalone target not found
Refreshing native plugins compatible for Editor in 1.10 ms, found 4 plugins.
Preloading 0 native plugins for Editor in 0.00 ms.
Invoked RoslynAnalysisRunner static constructor.
RoslynAnalysisRunner will not be running.
RoslynAnalysisRunner has terminated.
Mono: successfully reloaded assembly
- Completed reload, in  2.407 seconds
Platform modules already initialized, skipping
Refreshing native plugins compatible for Editor in 1.07 ms, found 4 plugins.
Preloading 0 native plugins for Editor in 0.00 ms.
Unloading 2043 Unused Serialized files (Serialized files now loaded: 0)
System memory in use before: 99.3 MB.
System memory in use after: 99.3 MB.

Unloading 19 unused Assets to reduce memory usage. Loaded Objects now: 2675.
Total: 4.692400 ms (FindLiveObjects: 0.370900 ms CreateObjectMapping: 0.110800 ms MarkObjects: 4.021400 ms  DeleteObjects: 0.186400 ms)

========================================================================
Received Import Request.
  Time since last request: 5591.959569 seconds.
  path: Assets/Prefabs/RangerProgress.prefab
  artifactKey: Guid(71eaec5720dd2a040940fd9dde78565a) Importer(815301076,1909f56bfc062723c751e8b465ee728b)
Start importing Assets/Prefabs/RangerProgress.prefab using Guid(71eaec5720dd2a040940fd9dde78565a) Importer(815301076,1909f56bfc062723c751e8b465ee728b)  -> (artifact id: '5a2f0bb09a9980c3f1d0ba0ee389cba2') in 0.224319 seconds
  Import took 0.236455 seconds .

========================================================================
Received Prepare
Registering precompiled user dll's ...
Registered in 0.002877 seconds.
Begin MonoManager ReloadAssembly
Native extension for WindowsStandalone target not found
Refreshing native plugins compatible for Editor in 1.04 ms, found 4 plugins.
Preloading 0 native plugins for Editor in 0.00 ms.
Invoked RoslynAnalysisRunner static constructor.
RoslynAnalysisRunner will not be running.
RoslynAnalysisRunner has terminated.
Mono: successfully reloaded assembly
- Completed reload, in  2.600 seconds
Platform modules already initialized, skipping
Refreshing native plugins compatible for Editor in 1.23 ms, found 4 plugins.
Preloading 0 native plugins for Editor in 0.00 ms.
Unloading 2044 Unused Serialized files (Serialized files now loaded: 0)
System memory in use before: 99.4 MB.
System memory in use after: 99.4 MB.

Unloading 21 unused Assets to reduce memory usage. Loaded Objects now: 2680.
Total: 5.007100 ms (FindLiveObjects: 0.535200 ms CreateObjectMapping: 0.213500 ms MarkObjects: 3.992100 ms  DeleteObjects: 0.263600 ms)

========================================================================
Received Prepare
Registering precompiled user dll's ...
Registered in 0.003040 seconds.
Begin MonoManager ReloadAssembly
Native extension for WindowsStandalone target not found
Refreshing native plugins compatible for Editor in 1.21 ms, found 4 plugins.
Preloading 0 native plugins for Editor in 0.00 ms.
Invoked RoslynAnalysisRunner static constructor.
RoslynAnalysisRunner will not be running.
RoslynAnalysisRunner has terminated.
Mono: successfully reloaded assembly
- Completed reload, in  2.376 seconds
Platform modules already initialized, skipping
Refreshing native plugins compatible for Editor in 1.23 ms, found 4 plugins.
Preloading 0 native plugins for Editor in 0.00 ms.
Unloading 2044 Unused Serialized files (Serialized files now loaded: 0)
System memory in use before: 99.4 MB.
System memory in use after: 99.4 MB.

Unloading 19 unused Assets to reduce memory usage. Loaded Objects now: 2684.
Total: 4.739800 ms (FindLiveObjects: 0.446800 ms CreateObjectMapping: 0.155200 ms MarkObjects: 3.817900 ms  DeleteObjects: 0.316100 ms)

========================================================================
Received Prepare
Registering precompiled user dll's ...
Registered in 0.002980 seconds.
Begin MonoManager ReloadAssembly
Native extension for WindowsStandalone target not found
Refreshing native plugins compatible for Editor in 2.53 ms, found 4 plugins.
Preloading 0 native plugins for Editor in 0.00 ms.
Invoked RoslynAnalysisRunner static constructor.
RoslynAnalysisRunner will not be running.
RoslynAnalysisRunner has terminated.
Mono: successfully reloaded assembly
- Completed reload, in  2.505 seconds
Platform modules already initialized, skipping
Refreshing native plugins compatible for Editor in 1.11 ms, found 4 plugins.
Preloading 0 native plugins for Editor in 0.00 ms.
Unloading 2044 Unused Serialized files (Serialized files now loaded: 0)
System memory in use before: 99.4 MB.
System memory in use after: 99.4 MB.

Unloading 19 unused Assets to reduce memory usage. Loaded Objects now: 2688.
Total: 4.202900 ms (FindLiveObjects: 0.445300 ms CreateObjectMapping: 0.185700 ms MarkObjects: 3.326500 ms  DeleteObjects: 0.242600 ms)

========================================================================
Received Import Request.
  Time since last request: 577.645620 seconds.
  path: Assets/Prefabs/RangerProgress.prefab
  artifactKey: Guid(71eaec5720dd2a040940fd9dde78565a) Importer(815301076,1909f56bfc062723c751e8b465ee728b)
Start importing Assets/Prefabs/RangerProgress.prefab using Guid(71eaec5720dd2a040940fd9dde78565a) Importer(815301076,1909f56bfc062723c751e8b465ee728b)  -> (artifact id: 'ecf1cc7a2b43c7808a777f0e15125182') in 0.138330 seconds
  Import took 0.170676 seconds .

========================================================================
Received Import Request.
  Time since last request: 3.308476 seconds.
  path: Assets/Prefabs/RangerProgress.prefab
  artifactKey: Guid(71eaec5720dd2a040940fd9dde78565a) Importer(815301076,1909f56bfc062723c751e8b465ee728b)
Start importing Assets/Prefabs/RangerProgress.prefab using Guid(71eaec5720dd2a040940fd9dde78565a) Importer(815301076,1909f56bfc062723c751e8b465ee728b)  -> (artifact id: '8f165eff2a7c25f7324a3885a15d2f1f') in 0.011123 seconds
  Import took 0.035711 seconds .

========================================================================
Received Prepare
Registering precompiled user dll's ...
Registered in 0.002783 seconds.
Begin MonoManager ReloadAssembly
Native extension for WindowsStandalone target not found
Refreshing native plugins compatible for Editor in 1.07 ms, found 4 plugins.
Preloading 0 native plugins for Editor in 0.00 ms.
Invoked RoslynAnalysisRunner static constructor.
RoslynAnalysisRunner will not be running.
RoslynAnalysisRunner has terminated.
Mono: successfully reloaded assembly
- Completed reload, in  2.288 seconds
Platform modules already initialized, skipping
Refreshing native plugins compatible for Editor in 1.14 ms, found 4 plugins.
Preloading 0 native plugins for Editor in 0.00 ms.
Unloading 2044 Unused Serialized files (Serialized files now loaded: 0)
System memory in use before: 99.4 MB.
System memory in use after: 99.4 MB.

Unloading 21 unused Assets to reduce memory usage. Loaded Objects now: 2692.
Total: 3.880700 ms (FindLiveObjects: 0.423600 ms CreateObjectMapping: 0.150400 ms MarkObjects: 3.108700 ms  DeleteObjects: 0.195600 ms)

========================================================================
Received Import Request.
  Time since last request: 211.366524 seconds.
  path: Assets/Prefabs/RangerProgress.prefab
  artifactKey: Guid(71eaec5720dd2a040940fd9dde78565a) Importer(815301076,1909f56bfc062723c751e8b465ee728b)
Start importing Assets/Prefabs/RangerProgress.prefab using Guid(71eaec5720dd2a040940fd9dde78565a) Importer(815301076,1909f56bfc062723c751e8b465ee728b)  -> (artifact id: 'b5cf8bcd067037f0a56dcf80e4521950') in 0.118372 seconds
  Import took 0.166184 seconds .

========================================================================
Received Import Request.
  Time since last request: 73.188088 seconds.
  path: Assets/Prefabs/RangerProgress.prefab
  artifactKey: Guid(71eaec5720dd2a040940fd9dde78565a) Importer(815301076,1909f56bfc062723c751e8b465ee728b)
Start importing Assets/Prefabs/RangerProgress.prefab using Guid(71eaec5720dd2a040940fd9dde78565a) Importer(815301076,1909f56bfc062723c751e8b465ee728b)  -> (artifact id: 'c84f1142308e64399a66bc11bbf26381') in 0.026540 seconds
  Import took 0.055401 seconds .

========================================================================
Received Import Request.
  Time since last request: 1.592403 seconds.
  path: Assets/Prefabs/RangerProgress.prefab
  artifactKey: Guid(71eaec5720dd2a040940fd9dde78565a) Importer(815301076,1909f56bfc062723c751e8b465ee728b)
Start importing Assets/Prefabs/RangerProgress.prefab using Guid(71eaec5720dd2a040940fd9dde78565a) Importer(815301076,1909f56bfc062723c751e8b465ee728b)  -> (artifact id: '466691127d275c3f9705289e7302857d') in 0.010765 seconds
  Import took 0.034087 seconds .

========================================================================
Received Import Request.
  Time since last request: 0.044237 seconds.
  path: Assets/Prefabs/RangerProgress.prefab
  artifactKey: Guid(71eaec5720dd2a040940fd9dde78565a) Importer(815301076,1909f56bfc062723c751e8b465ee728b)
Start importing Assets/Prefabs/RangerProgress.prefab using Guid(71eaec5720dd2a040940fd9dde78565a) Importer(815301076,1909f56bfc062723c751e8b465ee728b)  -> (artifact id: '466691127d275c3f9705289e7302857d') in 0.007880 seconds
  Import took 0.017261 seconds .

========================================================================
Received Import Request.
  Time since last request: 5.466333 seconds.
  path: Assets/Prefabs/RangerProgress.prefab
  artifactKey: Guid(71eaec5720dd2a040940fd9dde78565a) Importer(815301076,1909f56bfc062723c751e8b465ee728b)
Start importing Assets/Prefabs/RangerProgress.prefab using Guid(71eaec5720dd2a040940fd9dde78565a) Importer(815301076,1909f56bfc062723c751e8b465ee728b)  -> (artifact id: 'd4e0f1d72ecea138e049e2fd3e100394') in 0.015555 seconds
  Import took 0.024359 seconds .

========================================================================
Received Import Request.
  Time since last request: 42.136566 seconds.
  path: Assets/Prefabs/RangerProgress.prefab
  artifactKey: Guid(71eaec5720dd2a040940fd9dde78565a) Importer(815301076,1909f56bfc062723c751e8b465ee728b)
Start importing Assets/Prefabs/RangerProgress.prefab using Guid(71eaec5720dd2a040940fd9dde78565a) Importer(815301076,1909f56bfc062723c751e8b465ee728b)  -> (artifact id: '782957d312c8a77c7c0d002e0fcaa609') in 0.018482 seconds
  Import took 0.054008 seconds .

========================================================================
Received Import Request.
  Time since last request: 277.759325 seconds.
  path: Assets/Prefabs/RangerProgress.prefab
  artifactKey: Guid(71eaec5720dd2a040940fd9dde78565a) Importer(815301076,1909f56bfc062723c751e8b465ee728b)
Start importing Assets/Prefabs/RangerProgress.prefab using Guid(71eaec5720dd2a040940fd9dde78565a) Importer(815301076,1909f56bfc062723c751e8b465ee728b)  -> (artifact id: 'c8212206774ee40ed024d4d8fd24892d') in 0.031711 seconds
  Import took 0.047581 seconds .

========================================================================
Received Import Request.
  Time since last request: 5.708274 seconds.
  path: Assets/Prefabs/RangerProgress.prefab
  artifactKey: Guid(71eaec5720dd2a040940fd9dde78565a) Importer(815301076,1909f56bfc062723c751e8b465ee728b)
Start importing Assets/Prefabs/RangerProgress.prefab using Guid(71eaec5720dd2a040940fd9dde78565a) Importer(815301076,1909f56bfc062723c751e8b465ee728b)  -> (artifact id: '040b4438581aeb114f26432409926a43') in 0.008631 seconds
  Import took 0.020526 seconds .

========================================================================
Received Import Request.
  Time since last request: 3.695055 seconds.
  path: Assets/Prefabs/RangerProgress.prefab
  artifactKey: Guid(71eaec5720dd2a040940fd9dde78565a) Importer(815301076,1909f56bfc062723c751e8b465ee728b)
Start importing Assets/Prefabs/RangerProgress.prefab using Guid(71eaec5720dd2a040940fd9dde78565a) Importer(815301076,1909f56bfc062723c751e8b465ee728b)  -> (artifact id: '776c7b94868df1fd4a88f8cf4f37f700') in 0.009413 seconds
  Import took 0.017203 seconds .

========================================================================
Received Import Request.
  Time since last request: 1.896785 seconds.
  path: Assets/Prefabs/RangerProgress.prefab
  artifactKey: Guid(71eaec5720dd2a040940fd9dde78565a) Importer(815301076,1909f56bfc062723c751e8b465ee728b)
Start importing Assets/Prefabs/RangerProgress.prefab using Guid(71eaec5720dd2a040940fd9dde78565a) Importer(815301076,1909f56bfc062723c751e8b465ee728b)  -> (artifact id: '3d2b9fff8bd2cdc3fc8f5cdae4711f60') in 0.009539 seconds
  Import took 0.042054 seconds .

========================================================================
Received Import Request.
  Time since last request: 3.451394 seconds.
  path: Assets/Prefabs/RangerProgress.prefab
  artifactKey: Guid(71eaec5720dd2a040940fd9dde78565a) Importer(815301076,1909f56bfc062723c751e8b465ee728b)
Start importing Assets/Prefabs/RangerProgress.prefab using Guid(71eaec5720dd2a040940fd9dde78565a) Importer(815301076,1909f56bfc062723c751e8b465ee728b)  -> (artifact id: 'a8b7a6bddd034f7c583dcd0110e67f8c') in 0.012411 seconds
  Import took 0.020832 seconds .

========================================================================
Received Import Request.
  Time since last request: 2.817239 seconds.
  path: Assets/Prefabs/RangerProgress.prefab
  artifactKey: Guid(71eaec5720dd2a040940fd9dde78565a) Importer(815301076,1909f56bfc062723c751e8b465ee728b)
Start importing Assets/Prefabs/RangerProgress.prefab using Guid(71eaec5720dd2a040940fd9dde78565a) Importer(815301076,1909f56bfc062723c751e8b465ee728b)  -> (artifact id: '709f9c9b78913347138ee795068a17f7') in 0.009758 seconds
  Import took 0.035151 seconds .

========================================================================
Received Import Request.
  Time since last request: 3.433597 seconds.
  path: Assets/Prefabs/RangerProgress.prefab
  artifactKey: Guid(71eaec5720dd2a040940fd9dde78565a) Importer(815301076,1909f56bfc062723c751e8b465ee728b)
Start importing Assets/Prefabs/RangerProgress.prefab using Guid(71eaec5720dd2a040940fd9dde78565a) Importer(815301076,1909f56bfc062723c751e8b465ee728b)  -> (artifact id: '005124e3c5e85989e7579de93eb9d14d') in 0.008009 seconds
  Import took 0.016404 seconds .

========================================================================
Received Import Request.
  Time since last request: 2.549478 seconds.
  path: Assets/Prefabs/RangerProgress.prefab
  artifactKey: Guid(71eaec5720dd2a040940fd9dde78565a) Importer(815301076,1909f56bfc062723c751e8b465ee728b)
Start importing Assets/Prefabs/RangerProgress.prefab using Guid(71eaec5720dd2a040940fd9dde78565a) Importer(815301076,1909f56bfc062723c751e8b465ee728b)  -> (artifact id: '76d8fab4bd628774044e056923211172') in 0.012558 seconds
  Import took 0.028169 seconds .

========================================================================
Received Import Request.
  Time since last request: 8.165728 seconds.
  path: Assets/Prefabs/RangerProgress.prefab
  artifactKey: Guid(71eaec5720dd2a040940fd9dde78565a) Importer(815301076,1909f56bfc062723c751e8b465ee728b)
Start importing Assets/Prefabs/RangerProgress.prefab using Guid(71eaec5720dd2a040940fd9dde78565a) Importer(815301076,1909f56bfc062723c751e8b465ee728b)  -> (artifact id: 'd8d7cb505a60063e6ba5424631d635db') in 0.010410 seconds
  Import took 0.018140 seconds .

========================================================================
Received Import Request.
  Time since last request: 0.424768 seconds.
  path: Assets/Prefabs/RangerProgress.prefab
  artifactKey: Guid(71eaec5720dd2a040940fd9dde78565a) Importer(815301076,1909f56bfc062723c751e8b465ee728b)
Start importing Assets/Prefabs/RangerProgress.prefab using Guid(71eaec5720dd2a040940fd9dde78565a) Importer(815301076,1909f56bfc062723c751e8b465ee728b)  -> (artifact id: '3edb12c2f321c03204a20257b308dd18') in 0.007839 seconds
  Import took 0.035403 seconds .

========================================================================
Received Import Request.
  Time since last request: 0.621437 seconds.
  path: Assets/Prefabs/RangerProgress.prefab
  artifactKey: Guid(71eaec5720dd2a040940fd9dde78565a) Importer(815301076,1909f56bfc062723c751e8b465ee728b)
Start importing Assets/Prefabs/RangerProgress.prefab using Guid(71eaec5720dd2a040940fd9dde78565a) Importer(815301076,1909f56bfc062723c751e8b465ee728b)  -> (artifact id: '609640e215c5c6815ce5551a5984741d') in 0.013071 seconds
  Import took 0.020852 seconds .

========================================================================
Received Import Request.
  Time since last request: 5.404945 seconds.
  path: Assets/Prefabs/RangerProgress.prefab
  artifactKey: Guid(71eaec5720dd2a040940fd9dde78565a) Importer(815301076,1909f56bfc062723c751e8b465ee728b)
Start importing Assets/Prefabs/RangerProgress.prefab using Guid(71eaec5720dd2a040940fd9dde78565a) Importer(815301076,1909f56bfc062723c751e8b465ee728b)  -> (artifact id: '1a6c7f4e0de002920360d1dacc48aba3') in 0.013574 seconds
  Import took 0.031032 seconds .

========================================================================
Received Import Request.
  Time since last request: 1.409314 seconds.
  path: Assets/Prefabs/RangerProgress.prefab
  artifactKey: Guid(71eaec5720dd2a040940fd9dde78565a) Importer(815301076,1909f56bfc062723c751e8b465ee728b)
Start importing Assets/Prefabs/RangerProgress.prefab using Guid(71eaec5720dd2a040940fd9dde78565a) Importer(815301076,1909f56bfc062723c751e8b465ee728b)  -> (artifact id: '5932ef26370be6a8c4a067f407ea13a6') in 0.013829 seconds
  Import took 0.041368 seconds .

========================================================================
Received Import Request.
  Time since last request: 4.478421 seconds.
  path: Assets/Prefabs/RangerProgress.prefab
  artifactKey: Guid(71eaec5720dd2a040940fd9dde78565a) Importer(815301076,1909f56bfc062723c751e8b465ee728b)
Start importing Assets/Prefabs/RangerProgress.prefab using Guid(71eaec5720dd2a040940fd9dde78565a) Importer(815301076,1909f56bfc062723c751e8b465ee728b)  -> (artifact id: '9db9420519ee01dd7f470dc10dd904b2') in 0.016418 seconds
  Import took 0.048722 seconds .

========================================================================
Received Import Request.
  Time since last request: 0.387724 seconds.
  path: Assets/Prefabs/RangerProgress.prefab
  artifactKey: Guid(71eaec5720dd2a040940fd9dde78565a) Importer(815301076,1909f56bfc062723c751e8b465ee728b)
Start importing Assets/Prefabs/RangerProgress.prefab using Guid(71eaec5720dd2a040940fd9dde78565a) Importer(815301076,1909f56bfc062723c751e8b465ee728b)  -> (artifact id: 'b345292398f4d346013ba08112681768') in 0.008117 seconds
  Import took 0.021453 seconds .

========================================================================
Received Import Request.
  Time since last request: 0.722275 seconds.
  path: Assets/Prefabs/RangerProgress.prefab
  artifactKey: Guid(71eaec5720dd2a040940fd9dde78565a) Importer(815301076,1909f56bfc062723c751e8b465ee728b)
Start importing Assets/Prefabs/RangerProgress.prefab using Guid(71eaec5720dd2a040940fd9dde78565a) Importer(815301076,1909f56bfc062723c751e8b465ee728b)  -> (artifact id: '23dd5754e9b63aa78531d3f310d56dd4') in 0.010519 seconds
  Import took 0.019418 seconds .

========================================================================
Received Import Request.
  Time since last request: 4.471450 seconds.
  path: Assets/Prefabs/RangerProgress.prefab
  artifactKey: Guid(71eaec5720dd2a040940fd9dde78565a) Importer(815301076,1909f56bfc062723c751e8b465ee728b)
Start importing Assets/Prefabs/RangerProgress.prefab using Guid(71eaec5720dd2a040940fd9dde78565a) Importer(815301076,1909f56bfc062723c751e8b465ee728b)  -> (artifact id: '494fe177909cf1044603270a6cd51691') in 0.008737 seconds
  Import took 0.020405 seconds .

========================================================================
Received Import Request.
  Time since last request: 2.864076 seconds.
  path: Assets/Prefabs/RangerProgress.prefab
  artifactKey: Guid(71eaec5720dd2a040940fd9dde78565a) Importer(815301076,1909f56bfc062723c751e8b465ee728b)
Start importing Assets/Prefabs/RangerProgress.prefab using Guid(71eaec5720dd2a040940fd9dde78565a) Importer(815301076,1909f56bfc062723c751e8b465ee728b)  -> (artifact id: '793e7c2ce7ddd5fc7f4433acb0bf8419') in 0.011690 seconds
  Import took 0.025539 seconds .

========================================================================
Received Import Request.
  Time since last request: 42.365675 seconds.
  path: Assets/Prefabs/RangerProgress.prefab
  artifactKey: Guid(71eaec5720dd2a040940fd9dde78565a) Importer(815301076,1909f56bfc062723c751e8b465ee728b)
Start importing Assets/Prefabs/RangerProgress.prefab using Guid(71eaec5720dd2a040940fd9dde78565a) Importer(815301076,1909f56bfc062723c751e8b465ee728b)  -> (artifact id: '802abfbeedd8f8649295820fef34867a') in 0.008344 seconds
  Import took 0.023049 seconds .

========================================================================
Received Import Request.
  Time since last request: 0.051960 seconds.
  path: Assets/Prefabs/RangerProgress.prefab
  artifactKey: Guid(71eaec5720dd2a040940fd9dde78565a) Importer(815301076,1909f56bfc062723c751e8b465ee728b)
Start importing Assets/Prefabs/RangerProgress.prefab using Guid(71eaec5720dd2a040940fd9dde78565a) Importer(815301076,1909f56bfc062723c751e8b465ee728b)  -> (artifact id: '802abfbeedd8f8649295820fef34867a') in 0.009175 seconds
  Import took 0.015273 seconds .

========================================================================
Received Import Request.
  Time since last request: 1.967134 seconds.
  path: Assets/Prefabs/RangerProgress.prefab
  artifactKey: Guid(71eaec5720dd2a040940fd9dde78565a) Importer(815301076,1909f56bfc062723c751e8b465ee728b)
Start importing Assets/Prefabs/RangerProgress.prefab using Guid(71eaec5720dd2a040940fd9dde78565a) Importer(815301076,1909f56bfc062723c751e8b465ee728b)  -> (artifact id: 'acda911b78ecaaea227dcb8a31583d76') in 0.018286 seconds
  Import took 0.029263 seconds .

========================================================================
Received Import Request.
  Time since last request: 93.289000 seconds.
  path: Assets/Prefabs/RangerProgress.prefab
  artifactKey: Guid(71eaec5720dd2a040940fd9dde78565a) Importer(815301076,1909f56bfc062723c751e8b465ee728b)
Start importing Assets/Prefabs/RangerProgress.prefab using Guid(71eaec5720dd2a040940fd9dde78565a) Importer(815301076,1909f56bfc062723c751e8b465ee728b)  -> (artifact id: 'bf354d3e41e9caf0c8865ce7f16e74fe') in 0.014575 seconds
  Import took 0.024080 seconds .

========================================================================
Received Import Request.
  Time since last request: 0.000571 seconds.
  path: Assets/Prefabs/RangerProgress.prefab
  artifactKey: Guid(71eaec5720dd2a040940fd9dde78565a) Importer(815301076,1909f56bfc062723c751e8b465ee728b)
Start importing Assets/Prefabs/RangerProgress.prefab using Guid(71eaec5720dd2a040940fd9dde78565a) Importer(815301076,1909f56bfc062723c751e8b465ee728b)  -> (artifact id: 'bf354d3e41e9caf0c8865ce7f16e74fe') in 0.012040 seconds
  Import took 0.019125 seconds .

========================================================================
Received Import Request.
  Time since last request: 85.821389 seconds.
  path: Assets/Prefabs/RangerProgress.prefab
  artifactKey: Guid(71eaec5720dd2a040940fd9dde78565a) Importer(815301076,1909f56bfc062723c751e8b465ee728b)
Start importing Assets/Prefabs/RangerProgress.prefab using Guid(71eaec5720dd2a040940fd9dde78565a) Importer(815301076,1909f56bfc062723c751e8b465ee728b)  -> (artifact id: '9a668e455fb3cd6ae019d6d3466d1345') in 0.012059 seconds
  Import took 0.020820 seconds .

========================================================================
Received Import Request.
  Time since last request: 15.510818 seconds.
  path: Assets/Prefabs/RangerProgress.prefab
  artifactKey: Guid(71eaec5720dd2a040940fd9dde78565a) Importer(815301076,1909f56bfc062723c751e8b465ee728b)
Start importing Assets/Prefabs/RangerProgress.prefab using Guid(71eaec5720dd2a040940fd9dde78565a) Importer(815301076,1909f56bfc062723c751e8b465ee728b)  -> (artifact id: 'eabaae501ade9dc82ba6b22db5e77950') in 0.010355 seconds
  Import took 0.017516 seconds .

========================================================================
Received Prepare
Registering precompiled user dll's ...
Registered in 0.003650 seconds.
Begin MonoManager ReloadAssembly
Native extension for WindowsStandalone target not found
Refreshing native plugins compatible for Editor in 1.15 ms, found 4 plugins.
Preloading 0 native plugins for Editor in 0.00 ms.
Invoked RoslynAnalysisRunner static constructor.
RoslynAnalysisRunner will not be running.
RoslynAnalysisRunner has terminated.
Mono: successfully reloaded assembly
- Completed reload, in  2.336 seconds
Platform modules already initialized, skipping
Refreshing native plugins compatible for Editor in 0.98 ms, found 4 plugins.
Preloading 0 native plugins for Editor in 0.00 ms.
Unloading 2044 Unused Serialized files (Serialized files now loaded: 0)
System memory in use before: 99.4 MB.
System memory in use after: 99.4 MB.

Unloading 21 unused Assets to reduce memory usage. Loaded Objects now: 2696.
Total: 4.900600 ms (FindLiveObjects: 0.409900 ms CreateObjectMapping: 0.146100 ms MarkObjects: 3.982100 ms  DeleteObjects: 0.359600 ms)

========================================================================
Received Prepare
Registering precompiled user dll's ...
Registered in 0.003344 seconds.
Begin MonoManager ReloadAssembly
Native extension for WindowsStandalone target not found
Refreshing native plugins compatible for Editor in 1.20 ms, found 4 plugins.
Preloading 0 native plugins for Editor in 0.00 ms.
Invoked RoslynAnalysisRunner static constructor.
RoslynAnalysisRunner will not be running.
RoslynAnalysisRunner has terminated.
Mono: successfully reloaded assembly
- Completed reload, in  2.438 seconds
Platform modules already initialized, skipping
Refreshing native plugins compatible for Editor in 1.15 ms, found 4 plugins.
Preloading 0 native plugins for Editor in 0.00 ms.
Unloading 2044 Unused Serialized files (Serialized files now loaded: 0)
System memory in use before: 99.4 MB.
System memory in use after: 99.4 MB.

Unloading 19 unused Assets to reduce memory usage. Loaded Objects now: 2700.
Total: 4.757800 ms (FindLiveObjects: 0.267700 ms CreateObjectMapping: 0.092200 ms MarkObjects: 4.116200 ms  DeleteObjects: 0.278500 ms)

========================================================================
Received Prepare
Registering precompiled user dll's ...
Registered in 0.002641 seconds.
Begin MonoManager ReloadAssembly
Native extension for WindowsStandalone target not found
Refreshing native plugins compatible for Editor in 1.21 ms, found 4 plugins.
Preloading 0 native plugins for Editor in 0.00 ms.
Invoked RoslynAnalysisRunner static constructor.
RoslynAnalysisRunner will not be running.
RoslynAnalysisRunner has terminated.
Mono: successfully reloaded assembly
- Completed reload, in  2.264 seconds
Platform modules already initialized, skipping
Refreshing native plugins compatible for Editor in 1.21 ms, found 4 plugins.
Preloading 0 native plugins for Editor in 0.00 ms.
Unloading 2044 Unused Serialized files (Serialized files now loaded: 0)
System memory in use before: 99.4 MB.
System memory in use after: 99.4 MB.

Unloading 19 unused Assets to reduce memory usage. Loaded Objects now: 2704.
Total: 4.912600 ms (FindLiveObjects: 0.426900 ms CreateObjectMapping: 0.168400 ms MarkObjects: 4.035800 ms  DeleteObjects: 0.278600 ms)

========================================================================
Received Prepare
Registering precompiled user dll's ...
Registered in 0.003293 seconds.
Begin MonoManager ReloadAssembly
Native extension for WindowsStandalone target not found
Refreshing native plugins compatible for Editor in 1.21 ms, found 4 plugins.
Preloading 0 native plugins for Editor in 0.00 ms.
Invoked RoslynAnalysisRunner static constructor.
RoslynAnalysisRunner will not be running.
RoslynAnalysisRunner has terminated.
Mono: successfully reloaded assembly
- Completed reload, in  2.731 seconds
Platform modules already initialized, skipping
Refreshing native plugins compatible for Editor in 1.05 ms, found 4 plugins.
Preloading 0 native plugins for Editor in 0.00 ms.
Unloading 2044 Unused Serialized files (Serialized files now loaded: 0)
System memory in use before: 99.4 MB.
System memory in use after: 99.4 MB.

Unloading 19 unused Assets to reduce memory usage. Loaded Objects now: 2708.
Total: 4.864000 ms (FindLiveObjects: 0.247300 ms CreateObjectMapping: 0.091600 ms MarkObjects: 4.103000 ms  DeleteObjects: 0.419100 ms)

========================================================================
Received Import Request.
  Time since last request: 412.402820 seconds.
  path: Assets/Sprites/Asset 5@3x.png
  artifactKey: Guid(6fcc39b1e6e0ea643b993f2fa9338a58) Importer(815301076,1909f56bfc062723c751e8b465ee728b)
Start importing Assets/Sprites/Asset 5@3x.png using Guid(6fcc39b1e6e0ea643b993f2fa9338a58) Importer(815301076,1909f56bfc062723c751e8b465ee728b)  -> (artifact id: '5b4ba53bb7b614a4f5a23e5a4d263496') in 0.230635 seconds
  Import took 0.240707 seconds .

========================================================================
Received Import Request.
  Time since last request: 333.752265 seconds.
  path: Assets/Animation/hide-notif.anim
  artifactKey: Guid(0fe5ffcb8f9993b4e932f1d39ea76995) Importer(815301076,1909f56bfc062723c751e8b465ee728b)
Start importing Assets/Animation/hide-notif.anim using Guid(0fe5ffcb8f9993b4e932f1d39ea76995) Importer(815301076,1909f56bfc062723c751e8b465ee728b)  -> (artifact id: '1a24fbdfd82399d750af3f8e696c996d') in 0.007500 seconds
  Import took 0.015650 seconds .

========================================================================
Received Import Request.
  Time since last request: 0.080805 seconds.
  path: Assets/Animation/hide-notif.anim
  artifactKey: Guid(0fe5ffcb8f9993b4e932f1d39ea76995) Importer(815301076,1909f56bfc062723c751e8b465ee728b)
Start importing Assets/Animation/hide-notif.anim using Guid(0fe5ffcb8f9993b4e932f1d39ea76995) Importer(815301076,1909f56bfc062723c751e8b465ee728b)  -> (artifact id: '1a24fbdfd82399d750af3f8e696c996d') in 0.006148 seconds
  Import took 0.017802 seconds .

========================================================================
Received Import Request.
  Time since last request: 0.097308 seconds.
  path: Assets/Animation/notif.anim
  artifactKey: Guid(bc7e1032d26e57f4a8ab47b4f15bb13e) Importer(815301076,1909f56bfc062723c751e8b465ee728b)
Start importing Assets/Animation/notif.anim using Guid(bc7e1032d26e57f4a8ab47b4f15bb13e) Importer(815301076,1909f56bfc062723c751e8b465ee728b)  -> (artifact id: '89d78192e272a29a36d926eda725aee1') in 0.005365 seconds
  Import took 0.039147 seconds .

========================================================================
Received Import Request.
  Time since last request: 18.905295 seconds.
  path: Assets/Animation/Notification.controller
  artifactKey: Guid(b0bb169a7478bd545bf0cc413676fce0) Importer(815301076,1909f56bfc062723c751e8b465ee728b)
Start importing Assets/Animation/Notification.controller using Guid(b0bb169a7478bd545bf0cc413676fce0) Importer(815301076,1909f56bfc062723c751e8b465ee728b)  -> (artifact id: '6ddb89546a184263da3026520a5acad9') in 0.018367 seconds
  Import took 0.030678 seconds .

========================================================================
Received Import Request.
  Time since last request: 0.000924 seconds.
  path: Assets/Animation/Notification.controller
  artifactKey: Guid(b0bb169a7478bd545bf0cc413676fce0) Importer(815301076,1909f56bfc062723c751e8b465ee728b)
Start importing Assets/Animation/Notification.controller using Guid(b0bb169a7478bd545bf0cc413676fce0) Importer(815301076,1909f56bfc062723c751e8b465ee728b)  -> (artifact id: '6ddb89546a184263da3026520a5acad9') in 0.004227 seconds
  Import took 0.011389 seconds .

========================================================================
Received Import Request.
  Time since last request: 34.616440 seconds.
  path: Assets/Animation/Notification.controller
  artifactKey: Guid(b0bb169a7478bd545bf0cc413676fce0) Importer(815301076,1909f56bfc062723c751e8b465ee728b)
Start importing Assets/Animation/Notification.controller using Guid(b0bb169a7478bd545bf0cc413676fce0) Importer(815301076,1909f56bfc062723c751e8b465ee728b)  -> (artifact id: 'bd809e5d4c4f4b25569cf4c70223f3ae') in 0.005667 seconds
  Import took 0.013255 seconds .

========================================================================
Received Prepare
Registering precompiled user dll's ...
Registered in 0.001812 seconds.
Begin MonoManager ReloadAssembly
Native extension for WindowsStandalone target not found
Refreshing native plugins compatible for Editor in 0.73 ms, found 4 plugins.
Preloading 0 native plugins for Editor in 0.00 ms.
Invoked RoslynAnalysisRunner static constructor.
RoslynAnalysisRunner will not be running.
RoslynAnalysisRunner has terminated.
Mono: successfully reloaded assembly
- Completed reload, in  1.728 seconds
Platform modules already initialized, skipping
Refreshing native plugins compatible for Editor in 0.75 ms, found 4 plugins.
Preloading 0 native plugins for Editor in 0.00 ms.
Unloading 2044 Unused Serialized files (Serialized files now loaded: 0)
System memory in use before: 99.5 MB.
System memory in use after: 99.5 MB.

Unloading 19 unused Assets to reduce memory usage. Loaded Objects now: 2715.
Total: 3.769000 ms (FindLiveObjects: 0.434000 ms CreateObjectMapping: 0.116800 ms MarkObjects: 3.043100 ms  DeleteObjects: 0.172800 ms)

========================================================================
Received Prepare
Registering precompiled user dll's ...
Registered in 0.002724 seconds.
Begin MonoManager ReloadAssembly
Native extension for WindowsStandalone target not found
Refreshing native plugins compatible for Editor in 1.22 ms, found 4 plugins.
Preloading 0 native plugins for Editor in 0.00 ms.
Invoked RoslynAnalysisRunner static constructor.
RoslynAnalysisRunner will not be running.
RoslynAnalysisRunner has terminated.
Mono: successfully reloaded assembly
- Completed reload, in  2.520 seconds
Platform modules already initialized, skipping
Refreshing native plugins compatible for Editor in 1.18 ms, found 4 plugins.
Preloading 0 native plugins for Editor in 0.00 ms.
Unloading 2044 Unused Serialized files (Serialized files now loaded: 0)
System memory in use before: 99.6 MB.
System memory in use after: 99.6 MB.

Unloading 19 unused Assets to reduce memory usage. Loaded Objects now: 2719.
Total: 4.769000 ms (FindLiveObjects: 0.568900 ms CreateObjectMapping: 0.250200 ms MarkObjects: 3.759900 ms  DeleteObjects: 0.187600 ms)

========================================================================
Received Prepare
Registering precompiled user dll's ...
Registered in 0.003213 seconds.
Begin MonoManager ReloadAssembly
Native extension for WindowsStandalone target not found
Refreshing native plugins compatible for Editor in 0.77 ms, found 4 plugins.
Preloading 0 native plugins for Editor in 0.00 ms.
Invoked RoslynAnalysisRunner static constructor.
RoslynAnalysisRunner will not be running.
RoslynAnalysisRunner has terminated.
Mono: successfully reloaded assembly
- Completed reload, in  2.256 seconds
Platform modules already initialized, skipping
Refreshing native plugins compatible for Editor in 1.49 ms, found 4 plugins.
Preloading 0 native plugins for Editor in 0.00 ms.
Unloading 2044 Unused Serialized files (Serialized files now loaded: 0)
System memory in use before: 99.6 MB.
System memory in use after: 99.7 MB.

Unloading 19 unused Assets to reduce memory usage. Loaded Objects now: 2723.
Total: 5.637200 ms (FindLiveObjects: 0.583500 ms CreateObjectMapping: 0.183000 ms MarkObjects: 4.601800 ms  DeleteObjects: 0.265900 ms)

========================================================================
Received Prepare
Registering precompiled user dll's ...
Registered in 0.002508 seconds.
Begin MonoManager ReloadAssembly
Native extension for WindowsStandalone target not found
Refreshing native plugins compatible for Editor in 1.27 ms, found 4 plugins.
Preloading 0 native plugins for Editor in 0.00 ms.
Invoked RoslynAnalysisRunner static constructor.
RoslynAnalysisRunner will not be running.
RoslynAnalysisRunner has terminated.
Mono: successfully reloaded assembly
- Completed reload, in  2.555 seconds
Platform modules already initialized, skipping
Refreshing native plugins compatible for Editor in 1.12 ms, found 4 plugins.
Preloading 0 native plugins for Editor in 0.00 ms.
Unloading 2044 Unused Serialized files (Serialized files now loaded: 0)
System memory in use before: 99.6 MB.
System memory in use after: 99.7 MB.

Unloading 19 unused Assets to reduce memory usage. Loaded Objects now: 2727.
Total: 4.975600 ms (FindLiveObjects: 0.473000 ms CreateObjectMapping: 0.165300 ms MarkObjects: 4.077200 ms  DeleteObjects: 0.257900 ms)

========================================================================
Received Prepare
Registering precompiled user dll's ...
Registered in 0.002806 seconds.
Begin MonoManager ReloadAssembly
Native extension for WindowsStandalone target not found
Refreshing native plugins compatible for Editor in 1.19 ms, found 4 plugins.
Preloading 0 native plugins for Editor in 0.00 ms.
Invoked RoslynAnalysisRunner static constructor.
RoslynAnalysisRunner will not be running.
RoslynAnalysisRunner has terminated.
Mono: successfully reloaded assembly
- Completed reload, in  2.573 seconds
Platform modules already initialized, skipping
Refreshing native plugins compatible for Editor in 1.32 ms, found 4 plugins.
Preloading 0 native plugins for Editor in 0.00 ms.
Unloading 2044 Unused Serialized files (Serialized files now loaded: 0)
System memory in use before: 99.6 MB.
System memory in use after: 99.7 MB.

Unloading 19 unused Assets to reduce memory usage. Loaded Objects now: 2731.
Total: 3.488900 ms (FindLiveObjects: 0.616400 ms CreateObjectMapping: 0.213500 ms MarkObjects: 2.473000 ms  DeleteObjects: 0.183400 ms)

========================================================================
Received Prepare
Registering precompiled user dll's ...
Registered in 0.002691 seconds.
Begin MonoManager ReloadAssembly
Native extension for WindowsStandalone target not found
Refreshing native plugins compatible for Editor in 0.80 ms, found 4 plugins.
Preloading 0 native plugins for Editor in 0.00 ms.
Invoked RoslynAnalysisRunner static constructor.
RoslynAnalysisRunner will not be running.
RoslynAnalysisRunner has terminated.
Mono: successfully reloaded assembly
- Completed reload, in  2.239 seconds
Platform modules already initialized, skipping
Refreshing native plugins compatible for Editor in 1.07 ms, found 4 plugins.
Preloading 0 native plugins for Editor in 0.00 ms.
Unloading 2044 Unused Serialized files (Serialized files now loaded: 0)
System memory in use before: 99.6 MB.
System memory in use after: 99.7 MB.

Unloading 19 unused Assets to reduce memory usage. Loaded Objects now: 2735.
Total: 4.601600 ms (FindLiveObjects: 0.277400 ms CreateObjectMapping: 0.214800 ms MarkObjects: 3.841200 ms  DeleteObjects: 0.265500 ms)

========================================================================
Received Prepare
Registering precompiled user dll's ...
Registered in 0.002563 seconds.
Begin MonoManager ReloadAssembly
Native extension for WindowsStandalone target not found
Refreshing native plugins compatible for Editor in 1.05 ms, found 4 plugins.
Preloading 0 native plugins for Editor in 0.00 ms.
Invoked RoslynAnalysisRunner static constructor.
RoslynAnalysisRunner will not be running.
RoslynAnalysisRunner has terminated.
Mono: successfully reloaded assembly
- Completed reload, in  2.232 seconds
Platform modules already initialized, skipping
Refreshing native plugins compatible for Editor in 1.18 ms, found 4 plugins.
Preloading 0 native plugins for Editor in 0.00 ms.
Unloading 2044 Unused Serialized files (Serialized files now loaded: 0)
System memory in use before: 99.6 MB.
System memory in use after: 99.7 MB.

Unloading 19 unused Assets to reduce memory usage. Loaded Objects now: 2739.
Total: 5.144100 ms (FindLiveObjects: 0.569600 ms CreateObjectMapping: 0.258700 ms MarkObjects: 4.061000 ms  DeleteObjects: 0.251400 ms)

========================================================================
Received Prepare
Registering precompiled user dll's ...
Registered in 0.002756 seconds.
Begin MonoManager ReloadAssembly
Native extension for WindowsStandalone target not found
Refreshing native plugins compatible for Editor in 1.04 ms, found 4 plugins.
Preloading 0 native plugins for Editor in 0.00 ms.
Invoked RoslynAnalysisRunner static constructor.
RoslynAnalysisRunner will not be running.
RoslynAnalysisRunner has terminated.
Mono: successfully reloaded assembly
- Completed reload, in  2.321 seconds
Platform modules already initialized, skipping
Refreshing native plugins compatible for Editor in 1.04 ms, found 4 plugins.
Preloading 0 native plugins for Editor in 0.00 ms.
Unloading 2044 Unused Serialized files (Serialized files now loaded: 0)
System memory in use before: 99.6 MB.
System memory in use after: 99.7 MB.

Unloading 19 unused Assets to reduce memory usage. Loaded Objects now: 2743.
Total: 4.149900 ms (FindLiveObjects: 0.602100 ms CreateObjectMapping: 0.226400 ms MarkObjects: 3.135700 ms  DeleteObjects: 0.183000 ms)

========================================================================
Received Prepare
Registering precompiled user dll's ...
Registered in 0.002708 seconds.
Begin MonoManager ReloadAssembly
Native extension for WindowsStandalone target not found
Refreshing native plugins compatible for Editor in 1.15 ms, found 4 plugins.
Preloading 0 native plugins for Editor in 0.00 ms.
Invoked RoslynAnalysisRunner static constructor.
RoslynAnalysisRunner will not be running.
RoslynAnalysisRunner has terminated.
Mono: successfully reloaded assembly
- Completed reload, in  2.349 seconds
Platform modules already initialized, skipping
Refreshing native plugins compatible for Editor in 1.32 ms, found 4 plugins.
Preloading 0 native plugins for Editor in 0.00 ms.
Unloading 2044 Unused Serialized files (Serialized files now loaded: 0)
System memory in use before: 99.6 MB.
System memory in use after: 99.7 MB.

Unloading 19 unused Assets to reduce memory usage. Loaded Objects now: 2747.
Total: 4.762700 ms (FindLiveObjects: 0.334500 ms CreateObjectMapping: 0.104200 ms MarkObjects: 4.125100 ms  DeleteObjects: 0.196400 ms)

========================================================================
Received Prepare
Registering precompiled user dll's ...
Registered in 0.002789 seconds.
Begin MonoManager ReloadAssembly
Native extension for WindowsStandalone target not found
Refreshing native plugins compatible for Editor in 0.82 ms, found 4 plugins.
Preloading 0 native plugins for Editor in 0.00 ms.
Invoked RoslynAnalysisRunner static constructor.
RoslynAnalysisRunner will not be running.
RoslynAnalysisRunner has terminated.
Mono: successfully reloaded assembly
- Completed reload, in  2.238 seconds
Platform modules already initialized, skipping
Refreshing native plugins compatible for Editor in 1.42 ms, found 4 plugins.
Preloading 0 native plugins for Editor in 0.00 ms.
Unloading 2044 Unused Serialized files (Serialized files now loaded: 0)
System memory in use before: 99.6 MB.
System memory in use after: 99.7 MB.

Unloading 19 unused Assets to reduce memory usage. Loaded Objects now: 2751.
Total: 4.740100 ms (FindLiveObjects: 0.297200 ms CreateObjectMapping: 0.115400 ms MarkObjects: 4.071900 ms  DeleteObjects: 0.252700 ms)

========================================================================
Received Prepare
Registering precompiled user dll's ...
Registered in 0.004749 seconds.
Begin MonoManager ReloadAssembly
Native extension for WindowsStandalone target not found
Refreshing native plugins compatible for Editor in 1.14 ms, found 4 plugins.
Preloading 0 native plugins for Editor in 0.00 ms.
Invoked RoslynAnalysisRunner static constructor.
RoslynAnalysisRunner will not be running.
RoslynAnalysisRunner has terminated.
Mono: successfully reloaded assembly
- Completed reload, in  2.416 seconds
Platform modules already initialized, skipping
Refreshing native plugins compatible for Editor in 1.22 ms, found 4 plugins.
Preloading 0 native plugins for Editor in 0.00 ms.
Unloading 2044 Unused Serialized files (Serialized files now loaded: 0)
System memory in use before: 99.6 MB.
System memory in use after: 99.7 MB.

Unloading 19 unused Assets to reduce memory usage. Loaded Objects now: 2755.
Total: 3.546900 ms (FindLiveObjects: 0.502400 ms CreateObjectMapping: 0.223800 ms MarkObjects: 2.638700 ms  DeleteObjects: 0.179500 ms)

========================================================================
Received Prepare
Registering precompiled user dll's ...
Registered in 0.002674 seconds.
Begin MonoManager ReloadAssembly
Native extension for WindowsStandalone target not found
Refreshing native plugins compatible for Editor in 1.27 ms, found 4 plugins.
Preloading 0 native plugins for Editor in 0.00 ms.
Invoked RoslynAnalysisRunner static constructor.
RoslynAnalysisRunner will not be running.
RoslynAnalysisRunner has terminated.
Mono: successfully reloaded assembly
- Completed reload, in  2.348 seconds
Platform modules already initialized, skipping
Refreshing native plugins compatible for Editor in 1.06 ms, found 4 plugins.
Preloading 0 native plugins for Editor in 0.00 ms.
Unloading 2044 Unused Serialized files (Serialized files now loaded: 0)
System memory in use before: 99.6 MB.
System memory in use after: 99.7 MB.

Unloading 19 unused Assets to reduce memory usage. Loaded Objects now: 2759.
Total: 5.442700 ms (FindLiveObjects: 0.553300 ms CreateObjectMapping: 0.202900 ms MarkObjects: 4.307400 ms  DeleteObjects: 0.375700 ms)

========================================================================
Received Import Request.
  Time since last request: 2338.553083 seconds.
  path: Assets/Tiles
  artifactKey: Guid(25f9d31c55d8e2542a39a906604d8590) Importer(815301076,1909f56bfc062723c751e8b465ee728b)
Start importing Assets/Tiles using Guid(25f9d31c55d8e2542a39a906604d8590) Importer(815301076,1909f56bfc062723c751e8b465ee728b)  -> (artifact id: 'ce5271ff8c9c05347cc780f0d0f6aa17') in 0.012134 seconds
  Import took 0.032801 seconds .

========================================================================
Received Import Request.
  Time since last request: 0.231274 seconds.
  path: Assets/TextMesh Pro
  artifactKey: Guid(f54d1bd14bd3ca042bd867b519fee8cc) Importer(815301076,1909f56bfc062723c751e8b465ee728b)
Start importing Assets/TextMesh Pro using Guid(f54d1bd14bd3ca042bd867b519fee8cc) Importer(815301076,1909f56bfc062723c751e8b465ee728b)  -> (artifact id: '4fe1e02b069bed39c508f869cad12467') in 0.006849 seconds
  Import took 0.015087 seconds .

========================================================================
Received Prepare
Registering precompiled user dll's ...
Registered in 0.002850 seconds.
Begin MonoManager ReloadAssembly
Native extension for WindowsStandalone target not found
Refreshing native plugins compatible for Editor in 1.18 ms, found 4 plugins.
Preloading 0 native plugins for Editor in 0.00 ms.
Invoked RoslynAnalysisRunner static constructor.
RoslynAnalysisRunner will not be running.
RoslynAnalysisRunner has terminated.
Mono: successfully reloaded assembly
- Completed reload, in  2.646 seconds
Platform modules already initialized, skipping
Refreshing native plugins compatible for Editor in 1.00 ms, found 4 plugins.
Preloading 0 native plugins for Editor in 0.00 ms.
Unloading 2044 Unused Serialized files (Serialized files now loaded: 0)
System memory in use before: 99.7 MB.
System memory in use after: 99.7 MB.

Unloading 19 unused Assets to reduce memory usage. Loaded Objects now: 2763.
Total: 5.110400 ms (FindLiveObjects: 0.582000 ms CreateObjectMapping: 0.195800 ms MarkObjects: 4.077200 ms  DeleteObjects: 0.252800 ms)

========================================================================
Received Prepare
Registering precompiled user dll's ...
Registered in 0.003044 seconds.
Begin MonoManager ReloadAssembly
Native extension for WindowsStandalone target not found
Refreshing native plugins compatible for Editor in 1.01 ms, found 4 plugins.
Preloading 0 native plugins for Editor in 0.00 ms.
Invoked RoslynAnalysisRunner static constructor.
RoslynAnalysisRunner will not be running.
RoslynAnalysisRunner has terminated.
Mono: successfully reloaded assembly
- Completed reload, in  2.484 seconds
Platform modules already initialized, skipping
Refreshing native plugins compatible for Editor in 1.56 ms, found 4 plugins.
Preloading 0 native plugins for Editor in 0.00 ms.
Unloading 2044 Unused Serialized files (Serialized files now loaded: 0)
System memory in use before: 99.7 MB.
System memory in use after: 99.8 MB.

Unloading 19 unused Assets to reduce memory usage. Loaded Objects now: 2767.
Total: 4.844000 ms (FindLiveObjects: 0.291100 ms CreateObjectMapping: 0.100900 ms MarkObjects: 4.181600 ms  DeleteObjects: 0.267800 ms)

========================================================================
Received Prepare
Registering precompiled user dll's ...
Registered in 0.002871 seconds.
Begin MonoManager ReloadAssembly
Native extension for WindowsStandalone target not found
Refreshing native plugins compatible for Editor in 1.31 ms, found 4 plugins.
Preloading 0 native plugins for Editor in 0.00 ms.
Invoked RoslynAnalysisRunner static constructor.
RoslynAnalysisRunner will not be running.
RoslynAnalysisRunner has terminated.
Mono: successfully reloaded assembly
- Completed reload, in  2.628 seconds
Platform modules already initialized, skipping
Refreshing native plugins compatible for Editor in 1.12 ms, found 4 plugins.
Preloading 0 native plugins for Editor in 0.00 ms.
Unloading 2044 Unused Serialized files (Serialized files now loaded: 0)
System memory in use before: 99.7 MB.
System memory in use after: 99.8 MB.

Unloading 19 unused Assets to reduce memory usage. Loaded Objects now: 2771.
Total: 4.778000 ms (FindLiveObjects: 0.286200 ms CreateObjectMapping: 0.101000 ms MarkObjects: 4.113600 ms  DeleteObjects: 0.274500 ms)

========================================================================
Received Prepare
Registering precompiled user dll's ...
Registered in 0.002732 seconds.
Begin MonoManager ReloadAssembly
Native extension for WindowsStandalone target not found
Refreshing native plugins compatible for Editor in 1.09 ms, found 4 plugins.
Preloading 0 native plugins for Editor in 0.00 ms.
Invoked RoslynAnalysisRunner static constructor.
RoslynAnalysisRunner will not be running.
RoslynAnalysisRunner has terminated.
Mono: successfully reloaded assembly
- Completed reload, in  2.432 seconds
Platform modules already initialized, skipping
Refreshing native plugins compatible for Editor in 1.01 ms, found 4 plugins.
Preloading 0 native plugins for Editor in 0.00 ms.
Unloading 2044 Unused Serialized files (Serialized files now loaded: 0)
System memory in use before: 99.7 MB.
System memory in use after: 99.8 MB.

Unloading 19 unused Assets to reduce memory usage. Loaded Objects now: 2775.
Total: 4.979300 ms (FindLiveObjects: 0.658700 ms CreateObjectMapping: 0.274300 ms MarkObjects: 3.862600 ms  DeleteObjects: 0.180700 ms)

========================================================================
Received Prepare
Registering precompiled user dll's ...
Registered in 0.003590 seconds.
Begin MonoManager ReloadAssembly
Native extension for WindowsStandalone target not found
Refreshing native plugins compatible for Editor in 1.03 ms, found 4 plugins.
Preloading 0 native plugins for Editor in 0.00 ms.
Invoked RoslynAnalysisRunner static constructor.
RoslynAnalysisRunner will not be running.
RoslynAnalysisRunner has terminated.
Mono: successfully reloaded assembly
- Completed reload, in  2.280 seconds
Platform modules already initialized, skipping
Refreshing native plugins compatible for Editor in 1.18 ms, found 4 plugins.
Preloading 0 native plugins for Editor in 0.00 ms.
Unloading 2044 Unused Serialized files (Serialized files now loaded: 0)
System memory in use before: 99.7 MB.
System memory in use after: 99.8 MB.

Unloading 19 unused Assets to reduce memory usage. Loaded Objects now: 2779.
Total: 4.872000 ms (FindLiveObjects: 0.567000 ms CreateObjectMapping: 0.272600 ms MarkObjects: 3.759200 ms  DeleteObjects: 0.270000 ms)

========================================================================
Received Prepare
Registering precompiled user dll's ...
Registered in 0.002638 seconds.
Begin MonoManager ReloadAssembly
Native extension for WindowsStandalone target not found
Refreshing native plugins compatible for Editor in 1.16 ms, found 4 plugins.
Preloading 0 native plugins for Editor in 0.00 ms.
Invoked RoslynAnalysisRunner static constructor.
RoslynAnalysisRunner will not be running.
RoslynAnalysisRunner has terminated.
Mono: successfully reloaded assembly
- Completed reload, in  2.199 seconds
Platform modules already initialized, skipping
Refreshing native plugins compatible for Editor in 1.01 ms, found 4 plugins.
Preloading 0 native plugins for Editor in 0.00 ms.
Unloading 2044 Unused Serialized files (Serialized files now loaded: 0)
System memory in use before: 99.7 MB.
System memory in use after: 99.8 MB.

Unloading 19 unused Assets to reduce memory usage. Loaded Objects now: 2783.
Total: 5.067400 ms (FindLiveObjects: 0.574900 ms CreateObjectMapping: 0.253200 ms MarkObjects: 3.976500 ms  DeleteObjects: 0.259800 ms)

========================================================================
Received Prepare
Registering precompiled user dll's ...
Registered in 0.003184 seconds.
Begin MonoManager ReloadAssembly
Native extension for WindowsStandalone target not found
Refreshing native plugins compatible for Editor in 1.11 ms, found 4 plugins.
Preloading 0 native plugins for Editor in 0.00 ms.
Invoked RoslynAnalysisRunner static constructor.
RoslynAnalysisRunner will not be running.
RoslynAnalysisRunner has terminated.
Mono: successfully reloaded assembly
- Completed reload, in  2.484 seconds
Platform modules already initialized, skipping
Refreshing native plugins compatible for Editor in 1.13 ms, found 4 plugins.
Preloading 0 native plugins for Editor in 0.00 ms.
Unloading 2044 Unused Serialized files (Serialized files now loaded: 0)
System memory in use before: 99.7 MB.
System memory in use after: 99.8 MB.

Unloading 19 unused Assets to reduce memory usage. Loaded Objects now: 2787.
Total: 4.710600 ms (FindLiveObjects: 0.292300 ms CreateObjectMapping: 0.104300 ms MarkObjects: 4.038000 ms  DeleteObjects: 0.272900 ms)

========================================================================
Received Prepare
Registering precompiled user dll's ...
Registered in 0.003305 seconds.
Begin MonoManager ReloadAssembly
Native extension for WindowsStandalone target not found
Refreshing native plugins compatible for Editor in 1.24 ms, found 4 plugins.
Preloading 0 native plugins for Editor in 0.00 ms.
Invoked RoslynAnalysisRunner static constructor.
RoslynAnalysisRunner will not be running.
RoslynAnalysisRunner has terminated.
Mono: successfully reloaded assembly
- Completed reload, in  2.197 seconds
Platform modules already initialized, skipping
Refreshing native plugins compatible for Editor in 1.02 ms, found 4 plugins.
Preloading 0 native plugins for Editor in 0.00 ms.
Unloading 2044 Unused Serialized files (Serialized files now loaded: 0)
System memory in use before: 99.7 MB.
System memory in use after: 99.8 MB.

Unloading 19 unused Assets to reduce memory usage. Loaded Objects now: 2791.
Total: 4.557600 ms (FindLiveObjects: 0.486700 ms CreateObjectMapping: 0.217200 ms MarkObjects: 3.670300 ms  DeleteObjects: 0.181000 ms)

